number,value,datetime_start,datetime_complete,duration,params_colsample_bytree,params_learning_rate,params_max_depth,params_n_estimators,params_scale_pos_weight,params_subsample,state
226,0.5534650801472113,2026-07-24 16:44:29.908719,2026-07-24 16:44:31.629093,0 days 00:00:01.720374,0.7869875333812238,0.01814871998353325,7,269,3.308287325595211,0.6673129801946003,COMPLETE
227,0.5535421417962952,2026-07-24 16:44:31.629895,2026-07-24 16:44:33.105019,0 days 00:00:01.475124,0.8187778228227919,0.016115348631781056,7,237,3.155456971003138,0.6284369846345055,COMPLETE
228,0.5458716805904783,2026-07-24 16:44:33.105843,2026-07-24 16:44:34.775101,0 days 00:00:01.669258,0.7749857733816445,0.017401799590395298,8,307,3.0407920735513416,0.6553923241078599,COMPLETE
229,0.5532742478213075,2026-07-24 16:44:34.775848,2026-07-24 16:44:35.906279,0 days 00:00:01.130431,0.785206156267106,0.020204396750938793,7,256,3.3927286134070527,0.6401083050370382,COMPLETE
230,0.554964731446041,2026-07-24 16:44:35.907050,2026-07-24 16:44:37.297742,0 days 00:00:01.390692,0.8068442504694107,0.01550148266862684,7,277,3.219795831428247,0.6485792774569522,COMPLETE
231,0.5516182835311957,2026-07-24 16:44:37.298443,2026-07-24 16:44:38.476136,0 days 00:00:01.177693,0.8059493761148517,0.015529710152764059,7,276,3.2251732438222973,0.646807603530008,COMPLETE
232,0.5522010257868023,2026-07-24 16:44:38.476885,2026-07-24 16:44:39.559580,0 days 00:00:01.082695,0.7971048996253073,0.01360540668286398,7,292,3.245661484263756,0.6580612399088577,COMPLETE
233,0.5528315637187924,2026-07-24 16:44:39.560459,2026-07-24 16:44:41.047559,0 days 00:00:01.487100,0.8118544227030389,0.0163072193131008,7,283,3.2821017455824855,0.6333278895099884,COMPLETE
234,0.5535505627892765,2026-07-24 16:44:41.048534,2026-07-24 16:44:42.643617,0 days 00:00:01.595083,0.7990630225543252,0.014463386911013955,7,264,3.182377450167105,0.651382983739814,COMPLETE
235,0.5541049013348263,2026-07-24 16:44:42.644417,2026-07-24 16:44:44.018020,0 days 00:00:01.373603,0.79017129534009,0.017059828039663733,7,298,3.342774602976621,0.6408113694530272,COMPLETE
236,0.5535014187676913,2026-07-24 16:44:44.018975,2026-07-24 16:44:45.497897,0 days 00:00:01.478922,0.7906512268178346,0.01684610977212829,7,435,3.342756915393064,0.6400957839190313,COMPLETE
237,0.5522142800423823,2026-07-24 16:44:45.498726,2026-07-24 16:44:47.475096,0 days 00:00:01.976370,0.7794205308022987,0.015212902944684862,8,306,3.364647948959853,0.6245376015032997,COMPLETE
238,0.5531715107889564,2026-07-24 16:44:47.475854,2026-07-24 16:44:48.595348,0 days 00:00:01.119494,0.7854373388375014,0.013003981910781254,7,321,3.4379699175343252,0.6373264489080411,COMPLETE
239,0.5540964620218579,2026-07-24 16:44:48.596203,2026-07-24 16:44:50.018972,0 days 00:00:01.422769,0.7932714966063743,0.017212531290862067,7,293,3.118310149902883,0.6622487489954209,COMPLETE
240,0.5477790636699874,2026-07-24 16:44:50.019679,2026-07-24 16:44:51.346165,0 days 00:00:01.326486,0.7686206746183655,0.015881548222696044,7,299,2.994898193157364,0.6209586450059658,COMPLETE
241,0.5550287563143407,2026-07-24 16:44:51.346866,2026-07-24 16:44:52.821658,0 days 00:00:01.474792,0.7918841585510584,0.01731643546080124,7,292,3.1039249570676883,0.6619171989685468,COMPLETE
242,0.5541341517163797,2026-07-24 16:44:52.822430,2026-07-24 16:44:54.210357,0 days 00:00:01.387927,0.7915377247201104,0.01703180690221054,7,283,3.11392403478092,0.6575222713846892,COMPLETE
243,0.5529436167250039,2026-07-24 16:44:54.211055,2026-07-24 16:44:55.683168,0 days 00:00:01.472113,0.7859074820215606,0.017177436198972027,7,283,3.0951896651630246,0.6590993214269456,COMPLETE
244,0.5542650167568626,2026-07-24 16:44:55.684018,2026-07-24 16:44:57.212328,0 days 00:00:01.528310,0.7917846265560722,0.016496192380569444,7,314,3.116858406742144,0.6525052484272091,COMPLETE
245,0.5530138193871962,2026-07-24 16:44:57.213129,2026-07-24 16:44:58.645990,0 days 00:00:01.432861,0.793974674776377,0.016641781504951266,7,334,3.055766512731299,0.6454147691336843,COMPLETE
246,0.5533221127658752,2026-07-24 16:44:58.646734,2026-07-24 16:45:00.032691,0 days 00:00:01.385957,0.7941816075630959,0.015776192562767695,7,304,3.11644233826937,0.6474813123439033,COMPLETE
247,0.5498109244009063,2026-07-24 16:45:00.033416,2026-07-24 16:45:01.595725,0 days 00:00:01.562309,0.7767007273604424,0.01747906016827735,7,313,2.956357302665479,0.6657261116964576,COMPLETE
248,0.5463172232249782,2026-07-24 16:45:01.596534,2026-07-24 16:45:03.148891,0 days 00:00:01.552357,0.8015924778354755,0.015089695988411742,7,329,3.0362293128430573,0.652876640777404,COMPLETE
249,0.5480649661498572,2026-07-24 16:45:03.149602,2026-07-24 16:45:04.504060,0 days 00:00:01.354458,0.7911065934589799,0.016312103218468793,7,318,3.131699399592828,0.6331211540938413,COMPLETE
250,0.5538250477461225,2026-07-24 16:45:04.504766,2026-07-24 16:45:06.215294,0 days 00:00:01.710528,0.7804717655502996,0.014150139405717096,7,294,3.099658032621162,0.6416607156843643,COMPLETE
251,0.5482317931414566,2026-07-24 16:45:06.216072,2026-07-24 16:45:07.711551,0 days 00:00:01.495479,0.8034029641199864,0.0179139948764756,8,312,3.1584379595842504,0.6727884869780946,COMPLETE
252,0.5463360650670807,2026-07-24 16:45:07.712249,2026-07-24 16:45:09.172466,0 days 00:00:01.460217,0.7914296674065484,0.016821861939538895,7,298,2.983388611505561,0.6524424004807878,COMPLETE
253,0.5498619455393259,2026-07-24 16:45:09.173167,2026-07-24 16:45:10.656675,0 days 00:00:01.483508,0.7718360998522813,0.015264747072789749,7,275,3.0677881444409683,0.6303600775287574,COMPLETE
254,0.5491413412385019,2026-07-24 16:45:10.657661,2026-07-24 16:45:12.298006,0 days 00:00:01.640345,0.8161135138286484,0.018434022802443085,8,291,3.186749820295143,0.6414472192518009,COMPLETE
255,0.5537745613354161,2026-07-24 16:45:12.298747,2026-07-24 16:45:13.810972,0 days 00:00:01.512225,0.7814995665938279,0.01711296339746615,7,309,3.2031102014491224,0.6612537015399973,COMPLETE
256,0.5526259485702836,2026-07-24 16:45:13.811682,2026-07-24 16:45:15.202177,0 days 00:00:01.390495,0.8077909961591104,0.016087873272172492,7,245,3.1270753304548253,0.6488918772647647,COMPLETE
257,0.5533311148876768,2026-07-24 16:45:15.203089,2026-07-24 16:45:16.603077,0 days 00:00:01.399988,0.7966406648640153,0.014494544576797086,7,286,3.191440725299431,0.6366514352839544,COMPLETE
258,0.5499208243717164,2026-07-24 16:45:16.603800,2026-07-24 16:45:18.017507,0 days 00:00:01.413707,0.7877200701737008,0.01768276583197189,7,300,3.0746570130202757,0.656057631225811,COMPLETE
259,0.55375764160764,2026-07-24 16:45:18.018196,2026-07-24 16:45:19.447265,0 days 00:00:01.429069,0.8044357852169526,0.016494039383192216,7,274,3.2710191508276405,0.6434941346922539,COMPLETE
260,0.5535396706247505,2026-07-24 16:45:19.448040,2026-07-24 16:45:21.054482,0 days 00:00:01.606442,0.7749399743532801,0.015459723323732381,7,254,3.0292113780749834,0.6663781002827333,COMPLETE
261,0.551533447741452,2026-07-24 16:45:21.055194,2026-07-24 16:45:22.310090,0 days 00:00:01.254896,0.792920014339559,0.01845359181796628,7,235,3.1281313798075288,0.6318373062579593,COMPLETE
262,0.516213237188026,2026-07-24 16:45:22.310789,2026-07-24 16:45:22.945653,0 days 00:00:00.634864,0.8212149143592076,0.013732717172255464,3,322,3.2088487882732837,0.6237459013186291,COMPLETE
263,0.5451317352480366,2026-07-24 16:45:22.946387,2026-07-24 16:45:24.444283,0 days 00:00:01.497896,0.782525293751472,0.01703156680420477,8,285,3.2704512821749177,0.610934214099906,COMPLETE
264,0.553540225426441,2026-07-24 16:45:24.444983,2026-07-24 16:45:25.967971,0 days 00:00:01.522988,0.8122554121045901,0.015889842952257333,7,273,3.153318866682357,0.650991783647688,COMPLETE
265,0.5392672767235563,2026-07-24 16:45:25.968701,2026-07-24 16:45:27.845739,0 days 00:00:01.877038,0.8017542006070962,0.014697029273574776,8,296,2.942603136687245,0.6417886355727687,COMPLETE
266,0.5530622728134809,2026-07-24 16:45:27.846517,2026-07-24 16:45:29.161451,0 days 00:00:01.314934,0.7656524084927562,0.017474500697037803,7,260,3.3039583765101126,0.6609447652507996,COMPLETE
267,0.5444852647073476,2026-07-24 16:45:29.162148,2026-07-24 16:45:30.430708,0 days 00:00:01.268560,0.790957592106728,0.018809301882575943,7,247,4.309294948430746,0.6355046474415932,COMPLETE
268,0.5521970271310322,2026-07-24 16:45:30.431446,2026-07-24 16:45:31.618830,0 days 00:00:01.187384,0.7983982810973966,0.016319995488744774,7,306,3.237536248554392,0.6508233772401054,COMPLETE
269,0.5516870105844572,2026-07-24 16:45:31.619640,2026-07-24 16:45:33.144457,0 days 00:00:01.524817,0.7810297512541671,0.014950454862745769,7,290,3.0984824705615894,0.6438068280709431,COMPLETE
270,0.4993292700537267,2026-07-24 16:45:33.145145,2026-07-24 16:45:34.124552,0 days 00:00:00.979407,0.7714821184434912,0.012328325657710778,7,279,3.0118100069461597,0.6711860323049552,COMPLETE
271,0.5508532604361173,2026-07-24 16:45:34.125238,2026-07-24 16:45:35.717887,0 days 00:00:01.592649,0.8130593560112896,0.018054912083637232,8,268,3.640348729140408,0.6288205703534225,COMPLETE
272,0.5549423374829593,2026-07-24 16:45:35.718670,2026-07-24 16:45:37.462374,0 days 00:00:01.743704,0.7869316193242858,0.013248845124326305,7,232,3.17772837013133,0.6590354177811256,COMPLETE
273,0.5436302771972384,2026-07-24 16:45:37.463157,2026-07-24 16:45:38.557177,0 days 00:00:01.094020,0.7874345395861378,0.013592536249683018,7,229,3.191877822151665,0.6602756222189722,COMPLETE
274,0.550686926177356,2026-07-24 16:45:38.557879,2026-07-24 16:45:39.555986,0 days 00:00:00.998107,0.7778873211657876,0.013055774186707841,7,239,3.333243450396579,0.6586554419144802,COMPLETE
275,0.5520044621980528,2026-07-24 16:45:39.556775,2026-07-24 16:45:40.995711,0 days 00:00:01.438936,0.7639534407215007,0.0116665507255312,7,249,3.288119436492171,0.6507084532805218,COMPLETE
276,0.5529583390048982,2026-07-24 16:45:40.996477,2026-07-24 16:45:42.548194,0 days 00:00:01.551717,0.7933492753401007,0.018972188482318453,7,258,3.226961935981042,0.6788230707485653,COMPLETE
277,0.5524479420117075,2026-07-24 16:45:42.548909,2026-07-24 16:45:44.047555,0 days 00:00:01.498646,0.7876539149071928,0.016722359519318702,7,318,3.401167639998939,0.6656662461569817,COMPLETE
278,0.5530570682413904,2026-07-24 16:45:44.048482,2026-07-24 16:45:45.203577,0 days 00:00:01.155095,0.7976694255730618,0.015641167604680466,7,299,3.5381329438860316,0.6414635091835322,COMPLETE
279,0.5530503683538558,2026-07-24 16:45:45.204276,2026-07-24 16:45:46.899678,0 days 00:00:01.695402,0.7758076091638707,0.014486215629323848,7,280,3.153731688079053,0.6529048850388073,COMPLETE
280,0.5542367319120781,2026-07-24 16:45:46.900494,2026-07-24 16:45:48.368792,0 days 00:00:01.468298,0.7862232570459929,0.017733304453362797,7,233,3.2666825605891963,0.6362450186671778,COMPLETE
281,0.5547401525445749,2026-07-24 16:45:48.369647,2026-07-24 16:45:49.844840,0 days 00:00:01.475193,0.8025926346573174,0.01755065759409239,7,227,3.188449017501676,0.6370467178773042,COMPLETE
282,0.5549492116504419,2026-07-24 16:45:49.845661,2026-07-24 16:45:51.506621,0 days 00:00:01.660960,0.8036093020999452,0.017520392914223686,7,232,3.1562138186478936,0.647071122214401,COMPLETE
283,0.5536839654753827,2026-07-24 16:45:51.507394,2026-07-24 16:45:53.021527,0 days 00:00:01.514133,0.8053294146106266,0.01970158896415775,7,225,3.1059161252794345,0.6567859879026096,COMPLETE
284,0.5545024290236302,2026-07-24 16:45:53.022377,2026-07-24 16:45:54.461409,0 days 00:00:01.439032,0.8028257574614436,0.017912712185246014,7,220,3.149715612967289,0.6472684837989009,COMPLETE
285,0.5531303539505061,2026-07-24 16:45:54.462141,2026-07-24 16:45:56.134101,0 days 00:00:01.671960,0.8039219480162652,0.018071134273954827,7,222,3.1161543617250946,0.6676258883757931,COMPLETE
286,0.5545525079897938,2026-07-24 16:45:56.135143,2026-07-24 16:45:57.783383,0 days 00:00:01.648240,0.7992882443275868,0.017451878719575792,7,219,3.1860797259184146,0.6467156058720218,COMPLETE
287,0.5496999736682938,2026-07-24 16:45:57.784182,2026-07-24 16:45:59.004007,0 days 00:00:01.219825,0.7978574466187728,0.017170342791148128,7,213,3.1677157134601908,0.6567693934654765,COMPLETE
288,0.5534234498026552,2026-07-24 16:45:59.004768,2026-07-24 16:46:00.511594,0 days 00:00:01.506826,0.7818581700527996,0.01872538744307826,7,215,3.1864655596343305,0.6473782680851712,COMPLETE
289,0.551644470897222,2026-07-24 16:46:00.512321,2026-07-24 16:46:02.126637,0 days 00:00:01.614316,0.7947475930338008,0.01758466860688736,7,230,3.8691583420061386,0.6617456020783549,COMPLETE
290,0.5490563173171311,2026-07-24 16:46:02.127429,2026-07-24 16:46:03.524574,0 days 00:00:01.397145,0.7865760549606821,0.01702040471074232,7,208,3.207736901202379,0.6753332615500567,COMPLETE
291,0.5517158295746439,2026-07-24 16:46:03.525283,2026-07-24 16:46:04.918860,0 days 00:00:01.393577,0.8079943813488643,0.018808109523339257,7,221,3.0537157192082796,0.6495695806885675,COMPLETE
292,0.5512599807654422,2026-07-24 16:46:04.919605,2026-07-24 16:46:06.384592,0 days 00:00:01.464987,0.7978467935978167,0.01649529966667424,7,235,3.7253132316225264,0.6344983376579063,COMPLETE
293,0.5543228457161248,2026-07-24 16:46:06.385571,2026-07-24 16:46:08.047896,0 days 00:00:01.662325,0.8231202603719491,0.017896876182418774,7,234,3.162193770217363,0.6454571956962935,COMPLETE
294,0.5537917142578248,2026-07-24 16:46:08.049111,2026-07-24 16:46:09.718540,0 days 00:00:01.669429,0.8269624336652479,0.018394405011733662,7,233,3.2379104552056845,0.6443076970076943,COMPLETE
295,0.5539107340884807,2026-07-24 16:46:09.719405,2026-07-24 16:46:11.368085,0 days 00:00:01.648680,0.8158395862062436,0.015726568357991456,7,220,3.20733711831988,0.6534420309062613,COMPLETE
296,0.5511245767517418,2026-07-24 16:46:11.369009,2026-07-24 16:46:13.018537,0 days 00:00:01.649528,0.8208015158248035,0.017775917042436445,7,239,3.1504353196105552,0.6324747331128825,COMPLETE
297,0.5535806928261464,2026-07-24 16:46:13.019359,2026-07-24 16:46:14.320117,0 days 00:00:01.300758,0.8087803854480935,0.02067941255879052,7,205,3.2544020504587885,0.6434603371818389,COMPLETE
298,0.5527613089145181,2026-07-24 16:46:14.321102,2026-07-24 16:46:15.709513,0 days 00:00:01.388411,0.7833779320697924,0.016463811138359343,7,228,3.1654812253791076,0.6369826842633249,COMPLETE
299,0.5523457660781809,2026-07-24 16:46:15.710330,2026-07-24 16:46:17.137395,0 days 00:00:01.427065,0.8029106305169968,0.019136682353361936,7,243,3.0773381001056315,0.6487642428759853,COMPLETE
