number,value,datetime_start,datetime_complete,duration,params_colsample_bytree,params_learning_rate,params_max_depth,params_n_estimators,params_scale_pos_weight,params_subsample,state
0,0.49417745724659273,2026-07-24 16:46:19.323334,2026-07-24 16:46:21.115058,0 days 00:00:01.791724,0.6624074561769746,0.07259248719561363,10,287,2.467983561008608,0.8394633936788146,COMPLETE
1,0.5276235037662341,2026-07-24 16:46:21.116107,2026-07-24 16:46:22.628162,0 days 00:00:01.512055,0.608233797718321,0.05092911283433821,9,129,4.909729556485983,0.8832290311184181,COMPLETE
2,0.5473592217447654,2026-07-24 16:46:22.628967,2026-07-24 16:46:23.421761,0 days 00:00:00.792794,0.7216968971838151,0.016362239850894633,4,517,3.5742692948967134,0.6733618039413735,COMPLETE
3,0.5525641316634352,2026-07-24 16:46:23.422587,2026-07-24 16:46:24.291991,0 days 00:00:00.869404,0.7168578594140873,0.05243180891902853,5,316,3.099085529881075,0.6557975442608167,COMPLETE
4,0.4446965881892943,2026-07-24 16:46:24.292858,2026-07-24 16:46:26.649504,0 days 00:00:02.356646,0.836965827544817,0.017172542103877867,9,328,2.139351238159993,0.8056937753654446,COMPLETE
5,0.536196874393381,2026-07-24 16:46:26.650607,2026-07-24 16:46:28.125173,0 days 00:00:01.474566,0.9862528132298237,0.011926324174062874,4,404,4.425192044349384,0.9795542149013333,COMPLETE
6,0.5465244441247464,2026-07-24 16:46:28.125980,2026-07-24 16:46:28.896420,0 days 00:00:00.770440,0.6488152939379115,0.06378528225249058,3,252,3.4855307303338106,0.7760609974958406,COMPLETE
7,0.5476094890388279,2026-07-24 16:46:28.897199,2026-07-24 16:46:31.932094,0 days 00:00:03.034895,0.7246844304357644,0.020153425505297702,10,117,3.5602040635334324,0.8650089137415928,COMPLETE
8,0.5354623802625906,2026-07-24 16:46:31.932854,2026-07-24 16:46:32.418741,0 days 00:00:00.485887,0.9757995766256756,0.13814017620274424,4,373,4.684482051282947,0.9100531293444458,COMPLETE
9,0.5161273547464574,2026-07-24 16:46:32.419584,2026-07-24 16:46:35.104548,0 days 00:00:02.684964,0.6180909155642152,0.012707942999213693,10,399,2.975990992289793,0.6783931449676581,COMPLETE
10,0.5464968670868185,2026-07-24 16:46:35.105245,2026-07-24 16:46:36.292430,0 days 00:00:01.187185,0.8607466203112714,0.03203999390196693,7,577,4.199595033213562,0.6071847502459279,COMPLETE
11,0.5525894946470781,2026-07-24 16:46:36.293170,2026-07-24 16:46:37.238188,0 days 00:00:00.945018,0.7577990966793822,0.03212762430878716,6,107,3.364313933984169,0.7392679457934307,COMPLETE
12,0.5527291937892524,2026-07-24 16:46:37.239050,2026-07-24 16:46:38.169202,0 days 00:00:00.930152,0.7815343585324473,0.035077813915822986,6,212,3.012576129304697,0.7273145000499233,COMPLETE
13,0.5470180428793944,2026-07-24 16:46:38.170080,2026-07-24 16:46:39.142788,0 days 00:00:00.972708,0.8101383468058979,0.030240596812168494,6,204,2.8234549198474426,0.7382774980993067,COMPLETE
14,0.5494118275235543,2026-07-24 16:46:39.143807,2026-07-24 16:46:40.305009,0 days 00:00:01.161202,0.771021049221758,0.030061046366540004,7,213,3.9825671758768593,0.7371197153065265,COMPLETE
15,0.5234404565577165,2026-07-24 16:46:40.305951,2026-07-24 16:46:41.313142,0 days 00:00:01.007191,0.919197947631607,0.0392854369703887,7,167,2.586605812199586,0.7322318671941304,COMPLETE
16,0.5481775503021932,2026-07-24 16:46:41.314169,2026-07-24 16:46:41.919907,0 days 00:00:00.605738,0.7810641628320903,0.09579135219572962,6,106,3.285956528506657,0.7941252755357423,COMPLETE
17,0.47951075809105154,2026-07-24 16:46:41.920616,2026-07-24 16:46:43.247983,0 days 00:00:01.327367,0.886807619434659,0.02384235173010945,6,179,2.031620500041566,0.6973916191172266,COMPLETE
18,0.548711181985658,2026-07-24 16:46:43.248852,2026-07-24 16:46:44.765092,0 days 00:00:01.516240,0.7498826272841485,0.04208239148277853,8,248,3.8601850008883507,0.7601256168861884,COMPLETE
19,0.538356214663462,2026-07-24 16:46:44.765946,2026-07-24 16:46:45.808518,0 days 00:00:01.042572,0.8036366773816868,0.023132306297354834,5,147,2.637891088790923,0.6038621924983253,COMPLETE
20,0.5526061116173807,2026-07-24 16:46:45.809270,2026-07-24 16:46:46.584630,0 days 00:00:00.775360,0.6889385427604511,0.08174117326716414,5,467,3.291356248710832,0.7099411795981051,COMPLETE
21,0.5486981903033945,2026-07-24 16:46:46.585580,2026-07-24 16:46:47.111407,0 days 00:00:00.525827,0.6720219302259496,0.14663791815660254,5,477,3.2345974138608584,0.7113349365124932,COMPLETE
22,0.5470844786057728,2026-07-24 16:46:47.112013,2026-07-24 16:46:47.915828,0 days 00:00:00.803815,0.6979002135771539,0.080805646714522,6,465,3.810850569651056,0.6337664467409773,COMPLETE
23,0.5532818494282711,2026-07-24 16:46:47.916549,2026-07-24 16:46:48.507645,0 days 00:00:00.591096,0.7517842248725415,0.10621551699215008,5,578,2.8907402916789247,0.7052526031055159,COMPLETE
24,0.5472922688129908,2026-07-24 16:46:48.508425,2026-07-24 16:46:49.020201,0 days 00:00:00.511776,0.689534443848645,0.09325875869588168,3,597,2.8530805605566707,0.646205404747791,COMPLETE
25,0.5354274533267507,2026-07-24 16:46:49.020829,2026-07-24 16:46:49.639819,0 days 00:00:00.618990,0.8069410260856267,0.11813936248480118,5,539,2.441069898669131,0.7035635052517107,COMPLETE
26,0.5483144267148977,2026-07-24 16:46:49.640657,2026-07-24 16:46:50.137590,0 days 00:00:00.496933,0.7431112214919919,0.11070134230815394,4,461,3.100267930291072,0.8347147659430906,COMPLETE
27,0.5095619928550293,2026-07-24 16:46:50.138261,2026-07-24 16:46:50.777128,0 days 00:00:00.638867,0.6422684164238963,0.05714469232026557,5,549,2.2768401485483913,0.769885786924197,COMPLETE
28,0.5391522628947828,2026-07-24 16:46:50.777894,2026-07-24 16:46:51.506408,0 days 00:00:00.728514,0.8406148187599096,0.06810131496352027,7,497,2.754505631111952,0.6786405143485796,COMPLETE
29,0.513997759719108,2026-07-24 16:46:51.507101,2026-07-24 16:46:52.410283,0 days 00:00:00.903182,0.6758080159343097,0.0822141492600973,8,448,2.3850927761383462,0.8160043815050444,COMPLETE
30,0.5487769499841911,2026-07-24 16:46:52.410995,2026-07-24 16:46:53.116626,0 days 00:00:00.705631,0.7844707023078049,0.042487559637817994,3,561,3.055469386379955,0.7018821514208599,COMPLETE
31,0.5524847073672682,2026-07-24 16:46:53.117254,2026-07-24 16:46:54.231568,0 days 00:00:01.114314,0.7586817877548558,0.03453291297542424,6,276,3.377846290719443,0.7486227209707547,COMPLETE
32,0.545133367364281,2026-07-24 16:46:54.232255,2026-07-24 16:46:54.779579,0 days 00:00:00.547324,0.7061731685102342,0.12065280280523814,5,370,3.724637782187299,0.7113753200308071,COMPLETE
33,0.553906769480957,2026-07-24 16:46:54.780380,2026-07-24 16:46:55.568994,0 days 00:00:00.788614,0.7453356419008091,0.046494879979231726,6,421,3.283928339961563,0.7291665208174549,COMPLETE
34,0.5515829934852056,2026-07-24 16:46:55.569756,2026-07-24 16:46:56.236585,0 days 00:00:00.666829,0.7432966099470445,0.05364445010357586,4,518,2.9177598954552604,0.6664540441925895,COMPLETE
35,0.5522359411496595,2026-07-24 16:46:56.237204,2026-07-24 16:46:57.111480,0 days 00:00:00.874276,0.7251235318491533,0.04688968629930033,5,347,3.218499486887828,0.6351519761861185,COMPLETE
36,0.5221504725211553,2026-07-24 16:46:57.112167,2026-07-24 16:46:58.382935,0 days 00:00:01.270768,0.601940283727384,0.0776240867634691,8,404,2.6275749253061083,0.7912287282779729,COMPLETE
37,0.5489214011571065,2026-07-24 16:46:58.383730,2026-07-24 16:46:59.052423,0 days 00:00:00.668693,0.649391534794159,0.06207724416752408,4,429,3.461765446723694,0.6803031428971081,COMPLETE
38,0.5517200631540508,2026-07-24 16:46:59.053123,2026-07-24 16:47:00.121798,0 days 00:00:01.068675,0.7280233672664522,0.02612612242947916,6,305,3.6275329884366565,0.7169384063437213,COMPLETE
39,0.5480571863696492,2026-07-24 16:47:00.122527,2026-07-24 16:47:00.867649,0 days 00:00:00.745122,0.8259250986219566,0.10689495567632537,7,432,3.1507398912706104,0.7655467090282758,COMPLETE
40,0.5523130968215589,2026-07-24 16:47:00.868458,2026-07-24 16:47:01.802343,0 days 00:00:00.933885,0.7820703452875803,0.03742622508825731,5,503,2.956921265937368,0.869800618550114,COMPLETE
41,0.55203524262502,2026-07-24 16:47:01.803047,2026-07-24 16:47:02.765425,0 days 00:00:00.962378,0.7643093430982022,0.04972363983343494,6,137,3.3658704208495083,0.7264395535210809,COMPLETE
42,0.5533173644239465,2026-07-24 16:47:02.766135,2026-07-24 16:47:04.075274,0 days 00:00:01.309139,0.7099466974486406,0.019150138158799575,6,225,3.547987637665744,0.6896300855210834,COMPLETE
43,0.5486173071350748,2026-07-24 16:47:04.076160,2026-07-24 16:47:04.916372,0 days 00:00:00.840212,0.7066416350888587,0.016097908290167703,5,241,3.6220083969553505,0.6582297735653069,COMPLETE
44,0.544059200640255,2026-07-24 16:47:04.917062,2026-07-24 16:47:05.834401,0 days 00:00:00.917339,0.688050259402849,0.010377974131259994,6,281,3.9450075616786213,0.7496478452381864,COMPLETE
45,0.55225858562324,2026-07-24 16:47:05.835169,2026-07-24 16:47:07.348609,0 days 00:00:01.513440,0.7152875614711786,0.016878925689149768,7,347,3.5033879475111025,0.6846784980590328,COMPLETE
46,0.530467568811695,2026-07-24 16:47:07.349331,2026-07-24 16:47:08.495899,0 days 00:00:01.146568,0.7382091298209906,0.01950248051317005,4,222,4.975869396089745,0.9798314572874534,COMPLETE
47,0.4379845146451455,2026-07-24 16:47:08.496788,2026-07-24 16:47:09.235120,0 days 00:00:00.738332,0.6306954673632621,0.01468124826909384,5,182,2.763594414245228,0.9388891680437453,COMPLETE
48,0.5430834750284705,2026-07-24 16:47:09.235743,2026-07-24 16:47:09.949589,0 days 00:00:00.713846,0.6584648525248583,0.09770022091789884,6,532,4.223274009840745,0.6935426596310494,COMPLETE
49,0.5494987709775462,2026-07-24 16:47:09.950284,2026-07-24 16:47:10.889320,0 days 00:00:00.939036,0.6739008281399631,0.06762716601156679,7,571,3.005770014737667,0.7231666009564489,COMPLETE
50,0.5523793264889351,2026-07-24 16:47:10.890022,2026-07-24 16:47:11.864204,0 days 00:00:00.974182,0.7731554719584665,0.02832284631665115,6,309,3.267124592538709,0.7885682854165902,COMPLETE
51,0.552308019832722,2026-07-24 16:47:11.864918,2026-07-24 16:47:13.101309,0 days 00:00:01.236391,0.7887379534297325,0.021334849439107427,6,153,3.405945141853335,0.7436424856845806,COMPLETE
52,0.5521090003411199,2026-07-24 16:47:13.102127,2026-07-24 16:47:13.990946,0 days 00:00:00.888819,0.7295803717476846,0.03450701789512021,5,115,3.1451344338515628,0.7270069729186606,COMPLETE
53,0.5466982967365158,2026-07-24 16:47:13.991675,2026-07-24 16:47:14.550121,0 days 00:00:00.558446,0.7563234117718756,0.12842302314417992,6,200,3.6975538703454793,0.7506902763258007,COMPLETE
54,0.5524028707154365,2026-07-24 16:47:14.551007,2026-07-24 16:47:15.977911,0 days 00:00:01.426904,0.7975124408845778,0.02621359184926969,7,267,3.3177388979868296,0.6907781799873894,COMPLETE
55,0.5515471896789862,2026-07-24 16:47:15.978651,2026-07-24 16:47:16.943683,0 days 00:00:00.965032,0.8221508334152919,0.043600321427883074,6,102,3.5164562009927818,0.7750034715431587,COMPLETE
56,0.5515505143971189,2026-07-24 16:47:16.944449,2026-07-24 16:47:17.506189,0 days 00:00:00.561740,0.7110252460454346,0.08633198923749653,5,374,2.8679538399179823,0.6684394061303387,COMPLETE
57,0.5538733707114467,2026-07-24 16:47:17.507185,2026-07-24 16:47:18.621169,0 days 00:00:01.113984,0.8583157127590567,0.03365663876831837,6,228,3.1925737375911334,0.8136101133534281,COMPLETE
58,0.5534337300367866,2026-07-24 16:47:18.621954,2026-07-24 16:47:19.806855,0 days 00:00:01.184901,0.9285215005678036,0.037808067734547895,7,232,3.037911495839753,0.8100257883076876,COMPLETE
59,0.5382201643851573,2026-07-24 16:47:19.807566,2026-07-24 16:47:21.870542,0 days 00:00:02.062976,0.9083642929665252,0.019066723747483437,8,231,4.793473602822011,0.8322083592399078,COMPLETE
60,0.5238047187901617,2026-07-24 16:47:21.871310,2026-07-24 16:47:22.977157,0 days 00:00:01.105847,0.9530917087977353,0.03768123368940239,7,197,2.5446456313102073,0.8139133543541142,COMPLETE
61,0.5457834264806246,2026-07-24 16:47:22.977890,2026-07-24 16:47:23.981285,0 days 00:00:01.003395,0.9472325068411874,0.058706066862492,7,296,3.040972589968301,0.8692364927485545,COMPLETE
62,0.5465308946531398,2026-07-24 16:47:23.982016,2026-07-24 16:47:25.024615,0 days 00:00:01.042599,0.8632231657557897,0.03298779867450544,6,256,2.754297343916849,0.9397079037771059,COMPLETE
63,0.5433060022414762,2026-07-24 16:47:25.025841,2026-07-24 16:47:27.003065,0 days 00:00:01.977224,0.8766289126979198,0.02868223406700374,9,600,3.2155844372362674,0.8074985680946277,COMPLETE
64,0.5522863769549001,2026-07-24 16:47:27.003890,2026-07-24 16:47:27.851211,0 days 00:00:00.847321,0.9991956626714544,0.04770942771296111,5,180,3.075742377040814,0.8541382654778882,COMPLETE
65,0.548465381097065,2026-07-24 16:47:27.851907,2026-07-24 16:47:29.059418,0 days 00:00:01.207511,0.9047499158015098,0.040194829440305446,7,235,2.9339544996674216,0.6192049811971281,COMPLETE
66,0.5277836886874807,2026-07-24 16:47:29.060147,2026-07-24 16:47:30.176843,0 days 00:00:01.116696,0.9343612151790632,0.02372645999584762,6,262,2.6991949143868985,0.6485588421896227,COMPLETE
67,0.5515906979821513,2026-07-24 16:47:30.177801,2026-07-24 16:47:30.853922,0 days 00:00:00.676121,0.690416367595451,0.07486353737809295,5,216,3.1772304553990454,0.8909039343554143,COMPLETE
68,0.5501694617111222,2026-07-24 16:47:30.854809,2026-07-24 16:47:32.083761,0 days 00:00:01.228952,0.8464834042693978,0.013582265174826762,4,388,3.446871657885213,0.7082731762678919,COMPLETE
69,0.5500319611708893,2026-07-24 16:47:32.084682,2026-07-24 16:47:33.525997,0 days 00:00:01.441315,0.8903927008117059,0.04520698836602403,8,158,3.2971036242383938,0.8274873112069016,COMPLETE
70,0.5507242085215308,2026-07-24 16:47:33.526721,2026-07-24 16:47:34.516165,0 days 00:00:00.989444,0.8182612837488615,0.0541053495296902,6,475,3.586635816119109,0.7579088852134976,COMPLETE
71,0.5502038829865318,2026-07-24 16:47:34.516961,2026-07-24 16:47:35.681485,0 days 00:00:01.164524,0.7408378386538578,0.03590634314273978,6,126,3.7880498029523757,0.7367279112357692,COMPLETE
72,0.5505017361218875,2026-07-24 16:47:35.682276,2026-07-24 16:47:36.897916,0 days 00:00:01.215640,0.7706883662273413,0.03150554955745207,7,328,3.3734917824598902,0.8484432168112981,COMPLETE
73,0.5529366311766727,2026-07-24 16:47:36.898674,2026-07-24 16:47:37.987133,0 days 00:00:01.088459,0.753559255349082,0.03996714517914235,6,169,3.1119819269859796,0.785233785322769,COMPLETE
74,0.5517212841062806,2026-07-24 16:47:37.987898,2026-07-24 16:47:38.758432,0 days 00:00:00.770534,0.967307014074761,0.04123861936412356,5,187,3.097771453429009,0.7975033027586371,COMPLETE
75,0.5173440789046554,2026-07-24 16:47:38.759156,2026-07-24 16:47:41.251463,0 days 00:00:02.492307,0.7010883327316322,0.02607499062801869,10,166,2.8445194896821193,0.7830170908184193,COMPLETE
76,0.5527577967850554,2026-07-24 16:47:41.252322,2026-07-24 16:47:41.924734,0 days 00:00:00.672412,0.7538699961778084,0.08924530398734005,6,213,2.9752423979264977,0.7175079678708426,COMPLETE
77,0.5469744428996154,2026-07-24 16:47:41.925466,2026-07-24 16:47:42.490582,0 days 00:00:00.565116,0.7945227240074042,0.13956400228200674,6,225,2.968936264406592,0.7732242249003649,COMPLETE
78,0.5488280256116432,2026-07-24 16:47:42.491350,2026-07-24 16:47:43.517728,0 days 00:00:01.026378,0.7534026936898465,0.038831890679732035,7,205,3.009940279729435,0.8180119710363176,COMPLETE
79,0.5092847457181974,2026-07-24 16:47:43.518555,2026-07-24 16:47:44.683323,0 days 00:00:01.164768,0.7338578458334333,0.021643755362902143,6,242,2.5364233398481955,0.7198383492131497,COMPLETE
80,0.5517280771712495,2026-07-24 16:47:44.684056,2026-07-24 16:47:45.463589,0 days 00:00:00.779533,0.7496156270896952,0.09981960833835911,6,139,2.878060594089167,0.800779567652884,COMPLETE
81,0.5513398819116627,2026-07-24 16:47:45.464406,2026-07-24 16:47:46.310962,0 days 00:00:00.846556,0.6856448235312284,0.06966724759023707,5,500,3.1643220367612988,0.7073309628595638,COMPLETE
82,0.5494974652449965,2026-07-24 16:47:46.311831,2026-07-24 16:47:47.265446,0 days 00:00:00.953615,0.7203974239540504,0.08814126772232245,6,211,3.293397567375104,0.686262768367785,COMPLETE
83,0.5508299076655022,2026-07-24 16:47:47.266549,2026-07-24 16:47:48.194538,0 days 00:00:00.927989,0.719206811707562,0.115338239944842,5,419,3.118740839491215,0.7600498188905956,COMPLETE
84,0.5492218690169272,2026-07-24 16:47:48.195357,2026-07-24 16:47:49.219985,0 days 00:00:01.024628,0.7441372784944036,0.06233892584554534,6,195,2.791924336304464,0.7029376847466954,COMPLETE
85,0.5451160640769643,2026-07-24 16:47:49.220817,2026-07-24 16:47:49.814644,0 days 00:00:00.593827,0.7642076861139675,0.10578195671282861,5,584,2.691348448816703,0.7353468022416806,COMPLETE
86,0.5525335387405864,2026-07-24 16:47:49.815353,2026-07-24 16:47:50.720768,0 days 00:00:00.905415,0.7731823044255797,0.0503496129522551,4,166,3.210541685029929,0.6741154045896182,COMPLETE
87,0.550105489255464,2026-07-24 16:47:50.721521,2026-07-24 16:47:51.586668,0 days 00:00:00.865147,0.668239570632714,0.09056541097166072,7,519,3.0058193380904825,0.6996076359135128,COMPLETE
88,0.5498551974939293,2026-07-24 16:47:51.587502,2026-07-24 16:47:52.558372,0 days 00:00:00.970870,0.8531292015017744,0.08309206261770881,6,272,3.522872308971343,0.7147463603968901,COMPLETE
89,0.5434419897395394,2026-07-24 16:47:52.559247,2026-07-24 16:47:54.107810,0 days 00:00:01.548563,0.6965760152531878,0.0301788802661585,8,250,2.925201213745294,0.7835735483417272,COMPLETE
90,0.5463739810262455,2026-07-24 16:47:54.108534,2026-07-24 16:47:55.104335,0 days 00:00:00.995801,0.7340636003843006,0.12326322733376749,7,556,3.4310321094901415,0.7265215275120329,COMPLETE
91,0.5525539583976419,2026-07-24 16:47:55.105170,2026-07-24 16:47:56.340486,0 days 00:00:01.235316,0.7635509456655855,0.03139125812008257,6,222,3.336213882089447,0.7419453279197851,COMPLETE
92,0.5531373445568227,2026-07-24 16:47:56.341191,2026-07-24 16:47:57.746002,0 days 00:00:01.404811,0.8118546732534974,0.034887130612268114,6,172,3.240334697051454,0.6956541521755744,COMPLETE
93,0.5530897895532496,2026-07-24 16:47:57.747119,2026-07-24 16:47:59.163761,0 days 00:00:01.416642,0.8305259305799856,0.034595954030593644,6,171,3.248473477190529,0.6900756830641277,COMPLETE
94,0.5535555648941507,2026-07-24 16:47:59.164577,2026-07-24 16:48:00.229951,0 days 00:00:01.065374,0.8317939380450485,0.03633694394400898,6,173,3.1100755761059546,0.6610096514431627,COMPLETE
95,0.5523327276384338,2026-07-24 16:48:00.231626,2026-07-24 16:48:01.472805,0 days 00:00:01.241179,0.8354794549210318,0.036175608333891676,6,171,3.236481939674354,0.6592216106490466,COMPLETE
96,0.5499887861683045,2026-07-24 16:48:01.473561,2026-07-24 16:48:02.529901,0 days 00:00:01.056340,0.8144443086316012,0.03321123193616215,6,123,3.0873248428315754,0.6360700496454895,COMPLETE
97,0.5525153371505854,2026-07-24 16:48:02.530605,2026-07-24 16:48:03.511684,0 days 00:00:00.981079,0.830271930420235,0.04384664490593056,6,140,3.1547749951238298,0.6682159657516767,COMPLETE
98,0.5503010552077005,2026-07-24 16:48:03.512408,2026-07-24 16:48:04.952339,0 days 00:00:01.439931,0.8037126959313372,0.027910553242577615,7,192,3.054968162383532,0.6905814147446189,COMPLETE
99,0.5533761595354054,2026-07-24 16:48:04.953079,2026-07-24 16:48:05.879544,0 days 00:00:00.926465,0.8636704342254463,0.047411281578414524,6,155,3.2693483616559393,0.6489394221589042,COMPLETE
100,0.5519013921659126,2026-07-24 16:48:05.880313,2026-07-24 16:48:06.750761,0 days 00:00:00.870448,0.8657557092888024,0.04706522505431004,6,176,3.26626260971055,0.6218062202824342,COMPLETE
101,0.5501734162300455,2026-07-24 16:48:06.751472,2026-07-24 16:48:07.504002,0 days 00:00:00.752530,0.8487336930916358,0.039569716513967505,6,146,3.687678664747746,0.6454758226127615,COMPLETE
102,0.551797383726898,2026-07-24 16:48:07.504851,2026-07-24 16:48:08.381648,0 days 00:00:00.876797,0.8855136324045338,0.03398211881732809,6,155,3.387113330729342,0.6803968712915351,COMPLETE
103,0.553033932042105,2026-07-24 16:48:08.382380,2026-07-24 16:48:09.272763,0 days 00:00:00.890383,0.8560154313238517,0.04177306344111071,6,205,3.2000856218116414,0.6637978076341353,COMPLETE
104,0.5515874228256044,2026-07-24 16:48:09.273511,2026-07-24 16:48:10.280092,0 days 00:00:01.006581,0.8795228861529633,0.03703068041109643,6,188,3.2117876137193493,0.6529482473951524,COMPLETE
105,0.5481133290122192,2026-07-24 16:48:10.280860,2026-07-24 16:48:11.216105,0 days 00:00:00.935245,0.8687107364879283,0.056293179817924026,7,162,3.4624197976121556,0.6407893094080563,COMPLETE
106,0.5517021292529969,2026-07-24 16:48:11.217030,2026-07-24 16:48:11.974884,0 days 00:00:00.757854,0.8425207180046086,0.04193963343598138,5,116,3.3344372105774513,0.6623405519028376,COMPLETE
107,0.5524216779045809,2026-07-24 16:48:11.975592,2026-07-24 16:48:13.508690,0 days 00:00:01.533098,0.8304817821254817,0.011561454287583855,6,205,3.5588154612401643,0.6788085305912293,COMPLETE
108,0.5508561204486693,2026-07-24 16:48:13.509517,2026-07-24 16:48:14.461373,0 days 00:00:00.951856,0.9003177513984356,0.04907028951426009,7,178,3.125428777801055,0.6180537861007277,COMPLETE
109,0.5524557931609944,2026-07-24 16:48:14.462361,2026-07-24 16:48:15.404816,0 days 00:00:00.942455,0.8523728224535999,0.044275189339308726,6,149,3.2474506287784997,0.6926557865666806,COMPLETE
110,0.5493396956415882,2026-07-24 16:48:15.405655,2026-07-24 16:48:16.266784,0 days 00:00:00.861129,0.9129948346371738,0.038596909897547105,5,229,2.9155162172742295,0.6734689363688318,COMPLETE
111,0.5539369012930181,2026-07-24 16:48:16.267985,2026-07-24 16:48:17.301956,0 days 00:00:01.033971,0.8125231849481124,0.04080736048492558,6,211,3.042000738442707,0.6972157315530118,COMPLETE
112,0.55163900603567,2026-07-24 16:48:17.302793,2026-07-24 16:48:18.128824,0 days 00:00:00.826031,0.8590560290308228,0.05265016227792107,6,237,3.0515149472539704,0.6290496286362234,COMPLETE
