number,value,datetime_start,datetime_complete,duration,params_colsample_bytree,params_learning_rate,params_max_depth,params_n_estimators,params_scale_pos_weight,params_subsample,state
113,0.5434456338104088,2026-07-24 16:41:43.526384,2026-07-24 16:41:45.238694,0 days 00:00:01.712310,0.8152102413063687,0.03568746509578592,9,186,3.1662239833984325,0.6560104076735508,COMPLETE
114,0.5526793395967582,2026-07-24 16:41:45.239406,2026-07-24 16:41:46.081401,0 days 00:00:00.841995,0.796530661406611,0.040552600289676353,6,201,3.3086409735168907,0.6991554723417536,COMPLETE
115,0.5530912375518454,2026-07-24 16:41:46.082117,2026-07-24 16:41:46.969291,0 days 00:00:00.887174,0.8350500824080996,0.045869629618102474,6,218,3.09273367917885,0.6858450840857,COMPLETE
116,0.5494988180570547,2026-07-24 16:41:46.970025,2026-07-24 16:41:47.871592,0 days 00:00:00.901567,0.8367927928331579,0.04452613755738229,6,256,2.8256050850125667,0.9931901515715567,COMPLETE
117,0.5469896356523831,2026-07-24 16:41:47.872293,2026-07-24 16:41:49.031672,0 days 00:00:01.159379,0.8070599295127605,0.03212234024265462,7,215,3.024410798847979,0.6841947553136174,COMPLETE
118,0.5507684380158945,2026-07-24 16:41:49.032452,2026-07-24 16:41:49.909506,0 days 00:00:00.877054,0.930330626968602,0.04669961686764612,6,245,3.3935617644790526,0.6684221608864246,COMPLETE
119,0.5537160461875861,2026-07-24 16:41:49.910227,2026-07-24 16:41:51.156743,0 days 00:00:01.246516,0.8246802463451807,0.018507509667922018,6,227,3.1848517195885737,0.6500217745987564,COMPLETE
120,0.5474900826108443,2026-07-24 16:41:51.157526,2026-07-24 16:41:52.325852,0 days 00:00:01.168326,0.8225131446650263,0.015594613782733411,6,454,2.9798516665096724,0.6503258414756636,COMPLETE
121,0.5537925428080069,2026-07-24 16:41:52.326558,2026-07-24 16:41:53.509674,0 days 00:00:01.183116,0.8258837103443322,0.019800496862422374,6,223,3.187638769101309,0.6744831600181321,COMPLETE
122,0.5527286244968009,2026-07-24 16:41:53.510525,2026-07-24 16:41:54.832662,0 days 00:00:01.322137,0.8309087012189276,0.01776261470267931,6,289,2.8986201957831805,0.6915073417539679,COMPLETE
123,0.5528649466750443,2026-07-24 16:41:54.833518,2026-07-24 16:41:55.900760,0 days 00:00:01.067242,0.7890815607662862,0.022519695951935165,6,227,3.095148738441917,0.6780082574925966,COMPLETE
124,0.551810701898489,2026-07-24 16:41:55.901516,2026-07-24 16:41:56.734392,0 days 00:00:00.832876,0.842594408408757,0.0190166541521803,5,487,3.2666954102755774,0.7064322559265448,COMPLETE
125,0.5415363012439953,2026-07-24 16:41:56.735143,2026-07-24 16:41:57.968615,0 days 00:00:01.233472,0.8254918573677534,0.01791337044789407,6,221,4.557463108218734,0.6861405255900279,COMPLETE
126,0.5512602496389926,2026-07-24 16:41:57.969396,2026-07-24 16:41:58.905140,0 days 00:00:00.935744,0.8725006368036244,0.02485263424957634,6,133,3.17324534599503,0.6085851541714183,COMPLETE
127,0.547918735134008,2026-07-24 16:41:58.905911,2026-07-24 16:41:59.734478,0 days 00:00:00.828567,0.8114682572306144,0.020338357271636447,5,234,3.0588216988240875,0.6722797823191977,COMPLETE
128,0.5530576624786173,2026-07-24 16:41:59.735247,2026-07-24 16:42:01.267006,0 days 00:00:01.531759,0.8197246869037741,0.015129052607496966,7,265,3.434214048072236,0.6950471618321009,COMPLETE
129,0.5456324620096252,2026-07-24 16:42:01.267714,2026-07-24 16:42:02.699562,0 days 00:00:01.431848,0.7982837931816663,0.013590089088322729,6,195,4.087706216544521,0.8441242294294167,COMPLETE
130,0.5520899122701155,2026-07-24 16:42:02.700326,2026-07-24 16:42:03.733542,0 days 00:00:01.033216,0.8435715060469803,0.029495042494796425,6,214,3.3383800858687036,0.7105464478030894,COMPLETE
131,0.5517762790954198,2026-07-24 16:42:03.734325,2026-07-24 16:42:05.040339,0 days 00:00:01.306014,0.8343676981015052,0.015396240023504388,7,262,3.4426453885625965,0.6978628826454967,COMPLETE
132,0.5542312440004821,2026-07-24 16:42:05.041092,2026-07-24 16:42:06.532519,0 days 00:00:01.491427,0.7820651445583541,0.017061454593251233,7,253,3.242671061793508,0.6429018580068485,COMPLETE
133,0.5540394249994821,2026-07-24 16:42:06.533369,2026-07-24 16:42:08.007533,0 days 00:00:01.474164,0.790178677443589,0.016341281570975332,7,246,3.2426035828802235,0.6387122746923413,COMPLETE
134,0.5506570879632536,2026-07-24 16:42:08.008357,2026-07-24 16:42:09.217130,0 days 00:00:01.208773,0.7860412878210283,0.017652201040608433,7,245,3.160808314898189,0.6313344479975909,COMPLETE
135,0.5552086385249454,2026-07-24 16:42:09.217834,2026-07-24 16:42:10.620187,0 days 00:00:01.402353,0.8102863339904179,0.016688817634015748,7,281,3.11971285382666,0.6415273982682645,COMPLETE
136,0.5546822657444316,2026-07-24 16:42:10.621106,2026-07-24 16:42:12.726683,0 days 00:00:02.105577,0.7731092895032934,0.013752447753375382,8,280,3.304287555779937,0.6417118098914566,COMPLETE
137,0.5536080071857371,2026-07-24 16:42:12.727471,2026-07-24 16:42:14.439116,0 days 00:00:01.711645,0.7711527423358687,0.014275956205122856,8,276,3.3324948096250955,0.6423041329203185,COMPLETE
138,0.5542188008391241,2026-07-24 16:42:14.439839,2026-07-24 16:42:16.168192,0 days 00:00:01.728353,0.7800367503734592,0.01653788102629348,8,278,3.621347089783378,0.6407803592136881,COMPLETE
139,0.5524081030265138,2026-07-24 16:42:16.168893,2026-07-24 16:42:18.000489,0 days 00:00:01.831596,0.7762096479714661,0.01639829260257818,8,282,3.340659633586387,0.625179411372302,COMPLETE
140,0.5540162980140065,2026-07-24 16:42:18.001240,2026-07-24 16:42:19.816328,0 days 00:00:01.815088,0.7908280818923804,0.0139961266873309,8,299,3.284278424176461,0.6372889025981571,COMPLETE
141,0.5528971904513799,2026-07-24 16:42:19.817024,2026-07-24 16:42:21.459893,0 days 00:00:01.642869,0.7795841817102763,0.014260280144213211,8,303,3.493086175475384,0.6424336540583002,COMPLETE
142,0.5461985538682335,2026-07-24 16:42:21.460737,2026-07-24 16:42:23.256895,0 days 00:00:01.796158,0.7918676235507949,0.011779476756350585,8,327,3.3000047368231002,0.606811019659883,COMPLETE
143,0.5431378898109801,2026-07-24 16:42:23.257852,2026-07-24 16:42:25.805662,0 days 00:00:02.547810,0.8037496309099924,0.013006522217489906,9,275,3.2085709875200426,0.6395625537001035,COMPLETE
144,0.5527174757052284,2026-07-24 16:42:25.806368,2026-07-24 16:42:27.520725,0 days 00:00:01.714357,0.7674685152297879,0.01431456785251906,8,295,3.3836244474629567,0.6138300516369172,COMPLETE
145,0.5482442957299201,2026-07-24 16:42:27.521577,2026-07-24 16:42:29.536709,0 days 00:00:02.015132,0.7826990876818889,0.012504604664891804,8,252,3.1236135801370177,0.6485029353767786,COMPLETE
146,0.5535352459504002,2026-07-24 16:42:29.537514,2026-07-24 16:42:31.293563,0 days 00:00:01.756049,0.7985668982740489,0.01690270127311711,8,290,3.2768541874690063,0.6349235645938275,COMPLETE
147,0.5484362281568399,2026-07-24 16:42:31.294269,2026-07-24 16:42:32.933364,0 days 00:00:01.639095,0.7971290392446982,0.016637495399882574,8,311,3.2086478582341393,0.632578327636189,COMPLETE
148,0.553007528757273,2026-07-24 16:42:32.934111,2026-07-24 16:42:34.796025,0 days 00:00:01.861914,0.7830667505984964,0.015810797565726408,8,286,3.881348332416417,0.6399732686303902,COMPLETE
149,0.5382756748077316,2026-07-24 16:42:34.796861,2026-07-24 16:42:36.893663,0 days 00:00:02.096802,0.802544602533694,0.018684604831576194,9,272,3.1400015245758413,0.6563745332263158,COMPLETE
150,0.5388639874440045,2026-07-24 16:42:36.894395,2026-07-24 16:42:38.973044,0 days 00:00:02.078649,0.7604828882675889,0.010751160874226848,8,322,3.0050246093755986,0.6316826453669666,COMPLETE
151,0.5532016071223881,2026-07-24 16:42:38.973774,2026-07-24 16:42:40.909896,0 days 00:00:01.936122,0.8099598069807509,0.017088078261906708,8,354,3.266905658367294,0.647558651816808,COMPLETE
152,0.5539679837444721,2026-07-24 16:42:40.910718,2026-07-24 16:42:42.877778,0 days 00:00:01.967060,0.7748553154804771,0.013523795996936705,8,299,3.314353153276482,0.6228396501959834,COMPLETE
153,0.5522166869400711,2026-07-24 16:42:42.878548,2026-07-24 16:42:44.980955,0 days 00:00:02.102407,0.7737961046226985,0.013563949437958588,8,290,3.3538208571336177,0.6254417161307144,COMPLETE
154,0.5436365081198201,2026-07-24 16:42:44.981665,2026-07-24 16:42:46.539587,0 days 00:00:01.557922,0.7895122861419224,0.020173213129448725,8,260,3.1862012859170563,0.6143884456110923,COMPLETE
155,0.5532368396379611,2026-07-24 16:42:46.540411,2026-07-24 16:42:48.662081,0 days 00:00:02.121670,0.7672794708317929,0.01455974343385276,8,297,3.288153537864601,0.6380946954507425,COMPLETE
156,0.552990692585477,2026-07-24 16:42:48.662789,2026-07-24 16:42:50.751136,0 days 00:00:02.088347,0.7783839578421223,0.012494544804065472,8,277,3.400613308834789,0.6612475098823036,COMPLETE
157,0.5475892976489173,2026-07-24 16:42:50.751904,2026-07-24 16:42:52.467163,0 days 00:00:01.715259,0.7925345294494665,0.016184842345585468,8,337,3.0711098521836733,0.603563548792271,COMPLETE
158,0.5515231949052201,2026-07-24 16:42:52.468123,2026-07-24 16:42:54.617908,0 days 00:00:02.149785,0.8041270550399547,0.015074943906657392,9,313,3.607004057221525,0.6218456400761163,COMPLETE
159,0.5530530620771195,2026-07-24 16:42:54.618655,2026-07-24 16:42:56.509226,0 days 00:00:01.890571,0.7711873616522215,0.013571472671552448,8,250,3.4730373787921978,0.6520864163389078,COMPLETE
160,0.5530831540286366,2026-07-24 16:42:56.509936,2026-07-24 16:42:57.801982,0 days 00:00:01.292046,0.8186936584984195,0.018479311631273174,7,269,3.2142041188035573,0.6296025907849114,COMPLETE
161,0.5543046010537017,2026-07-24 16:42:57.802838,2026-07-24 16:42:59.160130,0 days 00:00:01.357292,0.7831385885467551,0.017005401439667903,7,239,3.293077807338855,0.6456318495281872,COMPLETE
162,0.5543000391427818,2026-07-24 16:42:59.160849,2026-07-24 16:43:00.288880,0 days 00:00:01.128031,0.7853167205810877,0.017113846091215516,7,236,3.2887287065355735,0.643060101236908,COMPLETE
163,0.5525446229285471,2026-07-24 16:43:00.289613,2026-07-24 16:43:01.443019,0 days 00:00:01.153406,0.7878832792136393,0.016577779235209873,7,241,3.3232739579402173,0.6430076407257302,COMPLETE
164,0.5513788048731499,2026-07-24 16:43:01.443800,2026-07-24 16:43:02.453561,0 days 00:00:01.009761,0.7793272236397388,0.01716726925587816,7,260,3.3547592765485175,0.6583568515878593,COMPLETE
165,0.5530091151747208,2026-07-24 16:43:02.454328,2026-07-24 16:43:04.264245,0 days 00:00:01.809917,0.7602078173333743,0.015711175080335513,8,280,3.254253359573316,0.6353416160639844,COMPLETE
166,0.5518499271766354,2026-07-24 16:43:04.265044,2026-07-24 16:43:05.488099,0 days 00:00:01.223055,0.7951963908331025,0.021337321871526094,7,239,3.1404066204047174,0.6247135406791651,COMPLETE
167,0.5512217498316822,2026-07-24 16:43:05.488941,2026-07-24 16:43:07.123575,0 days 00:00:01.634634,0.8124402785016911,0.014101526866552212,8,251,3.4139232051677078,0.6444229779855635,COMPLETE
168,0.553902247794955,2026-07-24 16:43:07.124298,2026-07-24 16:43:08.482985,0 days 00:00:01.358687,0.7987733827849846,0.019815037324732918,7,291,3.2945998841940844,0.6648843718249624,COMPLETE
169,0.5529899641047669,2026-07-24 16:43:08.483695,2026-07-24 16:43:09.863695,0 days 00:00:01.380000,0.7491219576376235,0.018114841090244763,7,303,3.5087297661335306,0.6641657559701881,COMPLETE
170,0.5528180251175779,2026-07-24 16:43:09.864475,2026-07-24 16:43:11.195094,0 days 00:00:01.330619,0.7731813264205523,0.019912878562739034,7,268,3.201531641678132,0.6500045057650086,COMPLETE
171,0.5533511640640499,2026-07-24 16:43:11.195828,2026-07-24 16:43:12.274835,0 days 00:00:01.079007,0.8027380945193916,0.015214649547032952,7,298,3.2864734638487105,0.6366630942327036,COMPLETE
172,0.5545930950613036,2026-07-24 16:43:12.275571,2026-07-24 16:43:13.710827,0 days 00:00:01.435256,0.7855200878285048,0.017485379214275846,7,289,3.3392427049400784,0.6560719574433357,COMPLETE
173,0.5539280892194604,2026-07-24 16:43:13.711707,2026-07-24 16:43:15.052895,0 days 00:00:01.341188,0.7850187968243302,0.01925176585459582,7,282,3.351022612282893,0.656499690933543,COMPLETE
174,0.5529228051025874,2026-07-24 16:43:15.053682,2026-07-24 16:43:16.551203,0 days 00:00:01.497521,0.7850238935599424,0.020829686661521445,7,284,3.3723468358172415,0.6544738203366731,COMPLETE
175,0.5525823282922556,2026-07-24 16:43:16.551935,2026-07-24 16:43:17.930336,0 days 00:00:01.378401,0.7675407845790108,0.01926441989386336,7,279,3.3338534422983757,0.6662562165437255,COMPLETE
176,0.5511600013896035,2026-07-24 16:43:17.931139,2026-07-24 16:43:19.247041,0 days 00:00:01.315902,0.7836652357391451,0.022291151274113605,7,316,3.558727967768484,0.6161493434860942,COMPLETE
177,0.5504705119618124,2026-07-24 16:43:19.247828,2026-07-24 16:43:20.642965,0 days 00:00:01.395137,0.7917490235612258,0.018281261037535506,7,233,3.4335196099475467,0.8917950140231176,COMPLETE
178,0.5518438160592892,2026-07-24 16:43:20.643830,2026-07-24 16:43:21.970098,0 days 00:00:01.326268,0.7772827270934947,0.017561497357884606,7,258,3.6640726358909204,0.6441524233734387,COMPLETE
179,0.553694547451224,2026-07-24 16:43:21.970894,2026-07-24 16:43:23.447707,0 days 00:00:01.476813,0.7606777510465885,0.01587125157413481,7,266,3.23998604206672,0.6702172689170806,COMPLETE
180,0.5532977005358422,2026-07-24 16:43:23.448475,2026-07-24 16:43:24.924218,0 days 00:00:01.475743,0.7591214481719367,0.016076513982691897,7,245,3.216728868893017,0.6762477731797919,COMPLETE
181,0.5479863917886283,2026-07-24 16:43:24.924929,2026-07-24 16:43:26.253014,0 days 00:00:01.328085,0.7638716294310516,0.012960709169038909,7,272,3.3321154359844165,0.6551547338388815,COMPLETE
182,0.5460341189557103,2026-07-24 16:43:26.253797,2026-07-24 16:43:27.390487,0 days 00:00:01.136690,0.7438057573325326,0.014608333394147917,7,305,3.2574500983578587,0.6690254393794284,COMPLETE
183,0.5525408291502233,2026-07-24 16:43:27.391236,2026-07-24 16:43:28.697824,0 days 00:00:01.306588,0.7756109093589643,0.019447243246656597,7,291,3.1718710352254473,0.6544716887511738,COMPLETE
184,0.5499799379982727,2026-07-24 16:43:28.698717,2026-07-24 16:43:30.241167,0 days 00:00:01.542450,0.7864147127073329,0.016994562456054026,7,228,3.386509129258943,0.9298988194403255,COMPLETE
185,0.5546970458240092,2026-07-24 16:43:30.241997,2026-07-24 16:43:31.757758,0 days 00:00:01.515761,0.7548911249733132,0.015832507263973887,7,264,3.313409421673644,0.6454694271289568,COMPLETE
186,0.5484310384064114,2026-07-24 16:43:31.758499,2026-07-24 16:43:33.077051,0 days 00:00:01.318552,0.7536828554667567,0.016040123763348128,7,255,3.763437137461747,0.660761352345623,COMPLETE
187,0.5538877467076744,2026-07-24 16:43:33.077768,2026-07-24 16:43:34.449649,0 days 00:00:01.371881,0.806958329149871,0.018119040587879973,7,266,3.2379449272464185,0.6476953642061012,COMPLETE
188,0.5525505771177569,2026-07-24 16:43:34.450425,2026-07-24 16:43:35.797868,0 days 00:00:01.347443,0.8055060684157369,0.01833597908546515,7,239,3.1685102292230796,0.6316058299078442,COMPLETE
189,0.5540537506417961,2026-07-24 16:43:35.798652,2026-07-24 16:43:37.375613,0 days 00:00:01.576961,0.8152424937199659,0.020027467099283817,7,283,3.306893041699262,0.6467715075256332,COMPLETE
190,0.5541086129148937,2026-07-24 16:43:37.376414,2026-07-24 16:43:38.983264,0 days 00:00:01.606850,0.7962986771297647,0.017339117220069967,7,284,3.441416879620518,0.6446427983579651,COMPLETE
191,0.5537594264059725,2026-07-24 16:43:38.984067,2026-07-24 16:43:40.478737,0 days 00:00:01.494670,0.7958321747127032,0.017584261162344905,7,297,3.427678715668706,0.6438146896952041,COMPLETE
192,0.55122870072332,2026-07-24 16:43:40.479504,2026-07-24 16:43:41.710151,0 days 00:00:01.230647,0.8101465724567701,0.01983861933145848,7,288,3.5062585106278936,0.6253203794006726,COMPLETE
193,0.5536397420439602,2026-07-24 16:43:41.710882,2026-07-24 16:43:43.056037,0 days 00:00:01.345155,0.7913343997348582,0.016800942100607032,7,281,3.303796725717443,0.6381088216112332,COMPLETE
194,0.5515258328146238,2026-07-24 16:43:43.056835,2026-07-24 16:43:44.443808,0 days 00:00:01.386973,0.7984858263196698,0.023467191337281573,7,266,3.3894711752904336,0.648514062180744,COMPLETE
195,0.5531506656681314,2026-07-24 16:43:44.444634,2026-07-24 16:43:45.740965,0 days 00:00:01.296331,0.817479233321813,0.020921269631616383,7,305,3.3059354411674406,0.6564376305502019,COMPLETE
196,0.5533778832381137,2026-07-24 16:43:45.741670,2026-07-24 16:43:47.251827,0 days 00:00:01.510157,0.7815527047246916,0.015284534091026687,7,255,3.2517067156673582,0.6275664337429775,COMPLETE
197,0.5535623301747145,2026-07-24 16:43:47.252710,2026-07-24 16:43:48.539507,0 days 00:00:01.286797,0.8097028489350756,0.01903772983713507,7,274,3.469236470926541,0.637512023878157,COMPLETE
198,0.5536719293899198,2026-07-24 16:43:48.540353,2026-07-24 16:43:50.023124,0 days 00:00:01.482771,0.8013384100093285,0.017492594146988248,7,288,3.3551729176878284,0.6460994808035784,COMPLETE
199,0.5529997429753023,2026-07-24 16:43:50.023849,2026-07-24 16:43:51.163126,0 days 00:00:01.139277,0.7868860232498042,0.015001814137406,7,263,3.2930502163430404,0.6629961475813908,COMPLETE
200,0.5541862499859108,2026-07-24 16:43:51.163915,2026-07-24 16:43:52.585095,0 days 00:00:01.421180,0.7942359627821349,0.01661672409146404,7,245,3.2305918430606195,0.6526913018200747,COMPLETE
201,0.5542101803280067,2026-07-24 16:43:52.585807,2026-07-24 16:43:54.002931,0 days 00:00:01.417124,0.7937951179223359,0.016484954514685332,7,246,3.251947397272823,0.6482085515071835,COMPLETE
202,0.5528737006646826,2026-07-24 16:43:54.003650,2026-07-24 16:43:55.440845,0 days 00:00:01.437195,0.7929323035044382,0.01645728327475457,7,247,3.2570511925833134,0.6343217257996985,COMPLETE
203,0.552274424892741,2026-07-24 16:43:55.441621,2026-07-24 16:43:56.794412,0 days 00:00:01.352791,0.7790195948490775,0.016734270662184858,7,279,3.403977189386438,0.6524041028169101,COMPLETE
204,0.5544039264162474,2026-07-24 16:43:56.795150,2026-07-24 16:43:58.243220,0 days 00:00:01.448070,0.799356983642304,0.01784273802756454,7,316,3.110902201596888,0.6441175719727643,COMPLETE
205,0.5540840573485432,2026-07-24 16:43:58.243954,2026-07-24 16:43:59.597438,0 days 00:00:01.353484,0.8010747794722594,0.017710185014573217,7,295,3.1117304243195183,0.6401717860283629,COMPLETE
206,0.5525402372860819,2026-07-24 16:43:59.598256,2026-07-24 16:44:01.046592,0 days 00:00:01.448336,0.7999536881647115,0.017515959402592898,7,319,3.0614432794379947,0.6211677024152628,COMPLETE
207,0.5524030887953562,2026-07-24 16:44:01.047344,2026-07-24 16:44:02.525450,0 days 00:00:01.478106,0.793152916643324,0.015576453981967888,7,337,3.12463364915724,0.637938160597274,COMPLETE
208,0.5449615445424538,2026-07-24 16:44:02.526181,2026-07-24 16:44:03.801975,0 days 00:00:01.275794,0.7863913946155306,0.013827413307929793,7,296,3.11915739682436,0.6300689209882061,COMPLETE
209,0.5538005607633668,2026-07-24 16:44:03.802839,2026-07-24 16:44:05.226553,0 days 00:00:01.423714,0.7720438318180379,0.01625063970080869,7,301,3.3475691388443383,0.6468104717018398,COMPLETE
210,0.47561634086721316,2026-07-24 16:44:05.227263,2026-07-24 16:44:06.701238,0 days 00:00:01.473975,0.7799476381036893,0.014885053090069574,7,311,2.2847022941231456,0.6419973486081225,COMPLETE
211,0.5538186638571195,2026-07-24 16:44:06.702012,2026-07-24 16:44:07.946585,0 days 00:00:01.244573,0.8058102985925497,0.018268738579795055,7,287,3.233351900812429,0.655155375448454,COMPLETE
212,0.5538343389594426,2026-07-24 16:44:07.947357,2026-07-24 16:44:09.449024,0 days 00:00:01.501667,0.8114512071584482,0.01752774470342114,7,394,3.2919404398158525,0.6486230974068535,COMPLETE
213,0.5531905784511091,2026-07-24 16:44:09.449756,2026-07-24 16:44:10.583341,0 days 00:00:01.133585,0.7978001665635781,0.01874187150915997,7,414,3.226714610502522,0.641106861182158,COMPLETE
214,0.5535794462742746,2026-07-24 16:44:10.584041,2026-07-24 16:44:12.007408,0 days 00:00:01.423367,0.7896624632691107,0.016749661318949335,7,272,3.3096914381841716,0.660512077902723,COMPLETE
215,0.5507279129208446,2026-07-24 16:44:12.008233,2026-07-24 16:44:13.251824,0 days 00:00:01.243591,0.802248143304985,0.01791341221946903,7,262,3.153274209042141,0.6275731139023171,COMPLETE
216,0.5487919352642302,2026-07-24 16:44:13.252604,2026-07-24 16:44:14.446250,0 days 00:00:01.193646,0.8170000497799805,0.015908937459507992,7,283,3.3768598863822494,0.6154821122831909,COMPLETE
217,0.5529574323388419,2026-07-24 16:44:14.446994,2026-07-24 16:44:15.712335,0 days 00:00:01.265341,0.783067121870459,0.019165259964721973,7,297,3.4490686779718227,0.6337614724330095,COMPLETE
218,0.5548436437406816,2026-07-24 16:44:15.713132,2026-07-24 16:44:17.306992,0 days 00:00:01.593860,0.7902737820614555,0.012985893083211304,7,252,3.222446059328369,0.6507956728850209,COMPLETE
219,0.4400337735020159,2026-07-24 16:44:17.307726,2026-07-24 16:44:18.895235,0 days 00:00:01.587509,0.7901014042524763,0.012528054127613722,7,250,2.0085985471645715,0.6523094145648665,COMPLETE
220,0.5507735931352121,2026-07-24 16:44:18.895992,2026-07-24 16:44:20.797554,0 days 00:00:01.901562,0.768161816014777,0.014269785278437478,8,241,3.091435421846704,0.6412093484860294,COMPLETE
221,0.5429236386226701,2026-07-24 16:44:20.798361,2026-07-24 16:44:22.004516,0 days 00:00:01.206155,0.8046922299250775,0.011267278400234742,7,270,3.2162034379752487,0.6469012104730235,COMPLETE
222,0.5538250308682687,2026-07-24 16:44:22.005212,2026-07-24 16:44:23.570664,0 days 00:00:01.565452,0.7944209185381448,0.013229976080198165,7,262,3.2751209708389317,0.6609867405178564,COMPLETE
223,0.549011880490692,2026-07-24 16:44:23.571395,2026-07-24 16:44:25.157990,0 days 00:00:01.586595,0.7777269181494885,0.012109505400634055,7,280,3.1741678686338584,0.6526512126353788,COMPLETE
224,0.5531551373209942,2026-07-24 16:44:25.158792,2026-07-24 16:44:26.506634,0 days 00:00:01.347842,0.8092549406583899,0.01706804579816226,7,252,3.3295662256330165,0.6360169104720401,COMPLETE
225,0.5385591959945625,2026-07-24 16:44:26.507348,2026-07-24 16:44:29.907989,0 days 00:00:03.400641,0.7972310204289289,0.014973145177317116,10,290,3.2367518546202083,0.6452602813396406,COMPLETE
