number,value,datetime_start,datetime_complete,duration,params_colsample_bytree,params_learning_rate,params_max_depth,params_n_estimators,params_scale_pos_weight,params_subsample,state
565,0.5514821943444489,2026-07-24 17:00:58.147139,2026-07-24 17:01:00.348111,0 days 00:00:02.200972,0.7865015827589928,0.016681594894815535,8,265,3.1677352425795333,0.6345430225182336,COMPLETE
566,0.5493142945748685,2026-07-24 17:01:00.349039,2026-07-24 17:01:01.988466,0 days 00:00:01.639427,0.7972885177889587,0.014888247831716417,7,254,3.1931297992417496,0.6422821161560587,COMPLETE
567,0.5532060459086786,2026-07-24 17:01:01.989433,2026-07-24 17:01:03.743426,0 days 00:00:01.753993,0.7843437476842653,0.017963432820654737,7,292,3.339372197125237,0.648541857196681,COMPLETE
568,0.5517545169315011,2026-07-24 17:01:03.744346,2026-07-24 17:01:05.521771,0 days 00:00:01.777425,0.799639459920575,0.016129328976994227,7,239,3.1022521530107037,0.6295207870401075,COMPLETE
569,0.5532311981731505,2026-07-24 17:01:05.522590,2026-07-24 17:01:07.266208,0 days 00:00:01.743618,0.7919805927211607,0.017049184563039384,7,228,3.2623979529970524,0.6210229563099635,COMPLETE
570,0.5524505398615406,2026-07-24 17:01:07.267014,2026-07-24 17:01:08.801652,0 days 00:00:01.534638,0.7696880554939273,0.019995245315224296,7,272,3.394474854048922,0.636973175596263,COMPLETE
571,0.5467553904011424,2026-07-24 17:01:08.802497,2026-07-24 17:01:10.195232,0 days 00:00:01.392735,0.7786085642347929,0.015548202322244449,6,259,2.989320789241878,0.6517705813897178,COMPLETE
572,0.5545967594227122,2026-07-24 17:01:10.195964,2026-07-24 17:01:11.845940,0 days 00:00:01.649976,0.8042452583851354,0.018968229258341095,7,245,3.1450545751293917,0.6420011750792537,COMPLETE
573,0.5503069126347597,2026-07-24 17:01:11.847001,2026-07-24 17:01:13.288420,0 days 00:00:01.441419,0.7953256299106782,0.020475809203400235,7,248,3.034707501722032,0.6400314334292517,COMPLETE
574,0.5486371465003281,2026-07-24 17:01:13.289203,2026-07-24 17:01:14.797009,0 days 00:00:01.507806,0.75694008465041,0.01945371249506154,7,281,3.136497546430106,0.6312909368771893,COMPLETE
575,0.5492433479941174,2026-07-24 17:01:14.797853,2026-07-24 17:01:16.399824,0 days 00:00:01.601971,0.8026304337959571,0.0219685153042249,7,268,3.072530955422319,0.6420964369242453,COMPLETE
576,0.45558563963225945,2026-07-24 17:01:16.400625,2026-07-24 17:01:18.567423,0 days 00:00:02.166798,0.89692506249786,0.020871752056047126,8,259,2.0917915083080185,0.6151088497171059,COMPLETE
577,0.5520867994072677,2026-07-24 17:01:18.568315,2026-07-24 17:01:20.271683,0 days 00:00:01.703368,0.8553802713658791,0.024746834471127382,7,242,3.156750998134761,0.6264250178513554,COMPLETE
578,0.5539189928474436,2026-07-24 17:01:20.272879,2026-07-24 17:01:22.154963,0 days 00:00:01.882084,0.7882645547318291,0.018470179304918337,7,286,3.0863626543360088,0.6366016161601522,COMPLETE
579,0.5541301675228946,2026-07-24 17:01:22.156001,2026-07-24 17:01:23.790286,0 days 00:00:01.634285,0.8018515647693656,0.018779935858289763,7,302,3.1846735089018097,0.6470898367857325,COMPLETE
580,0.5530633796239912,2026-07-24 17:01:23.791279,2026-07-24 17:01:25.485448,0 days 00:00:01.694169,0.7936432166329522,0.01775751374086851,7,253,3.1288685022382765,0.6328564563619493,COMPLETE
581,0.5278932499431269,2026-07-24 17:01:25.486642,2026-07-24 17:01:27.158315,0 days 00:00:01.671673,0.783400722895438,0.01955793721015477,7,401,2.6932135106285875,0.6521835783607959,COMPLETE
582,0.5482022422018865,2026-07-24 17:01:27.159105,2026-07-24 17:01:29.049838,0 days 00:00:01.890733,0.8062301840168663,0.014119768442009543,7,275,2.9999958966888762,0.6430794350430644,COMPLETE
583,0.5522352276097481,2026-07-24 17:01:29.050683,2026-07-24 17:01:30.601088,0 days 00:00:01.550405,0.8080947370231492,0.022859861232178227,7,228,3.216887545279394,0.6212042147852401,COMPLETE
584,0.5542738232941035,2026-07-24 17:01:30.601927,2026-07-24 17:01:31.993690,0 days 00:00:01.391763,0.7958960357658847,0.017587145407932592,6,246,3.1305510028905825,0.6462278983499931,COMPLETE
585,0.5479441231952774,2026-07-24 17:01:31.994723,2026-07-24 17:01:33.577620,0 days 00:00:01.582897,0.7760774876266043,0.013141859734455318,7,266,3.0769508543115847,0.6356084997268483,COMPLETE
586,0.5542630483908787,2026-07-24 17:01:33.578378,2026-07-24 17:01:35.358578,0 days 00:00:01.780200,0.7138942028628863,0.016344367105246255,7,241,3.1908821561271306,0.6552296835141456,COMPLETE
587,0.553882643321776,2026-07-24 17:01:35.359424,2026-07-24 17:01:36.728019,0 days 00:00:01.368595,0.7873704994182409,0.018718956368740793,7,256,3.2810525074235652,0.6409632208775663,COMPLETE
588,0.549156368881334,2026-07-24 17:01:36.728798,2026-07-24 17:01:38.373116,0 days 00:00:01.644318,0.8020546647330256,0.01739168374150983,7,292,3.0190266915192603,0.6266846389321968,COMPLETE
589,0.5342237227148471,2026-07-24 17:01:38.374326,2026-07-24 17:01:40.249270,0 days 00:00:01.874944,0.765000595034382,0.014856399578161629,7,225,4.984448845096468,0.6500434257908806,COMPLETE
590,0.5494147016468085,2026-07-24 17:01:40.250257,2026-07-24 17:01:42.067202,0 days 00:00:01.816945,0.8199248041612073,0.0122334330460493,7,238,3.2275375914338893,0.6327172115890586,COMPLETE
591,0.5365743501880432,2026-07-24 17:01:42.068542,2026-07-24 17:01:45.803437,0 days 00:00:03.734895,0.7485008540640882,0.0161496513635321,10,275,3.1632703419256583,0.6440877213165629,COMPLETE
592,0.5542131276966832,2026-07-24 17:01:45.804438,2026-07-24 17:01:47.703047,0 days 00:00:01.898609,0.8123739636277737,0.018371468922383043,7,264,3.104292964599906,0.6528569293228927,COMPLETE
593,0.5519928495844612,2026-07-24 17:01:47.704025,2026-07-24 17:01:49.391434,0 days 00:00:01.687409,0.7924374113453646,0.01723151343488418,7,234,3.333012146290524,0.6101142719699758,COMPLETE
594,0.5462175325369526,2026-07-24 17:01:49.392167,2026-07-24 17:01:51.942030,0 days 00:00:02.549863,0.7815318191461631,0.015331052041239697,9,253,3.2370611797705386,0.6391196775988292,COMPLETE
595,0.5321776566669364,2026-07-24 17:01:51.942898,2026-07-24 17:01:54.254352,0 days 00:00:02.311454,0.8314275126486241,0.01665089579013351,8,223,2.7929315497558704,0.6202342784225984,COMPLETE
596,0.5541754268423787,2026-07-24 17:01:54.255181,2026-07-24 17:01:56.283792,0 days 00:00:02.028611,0.8088703988234781,0.01352046088273652,7,179,3.159204394491928,0.6552060164527608,COMPLETE
597,0.5461465576577602,2026-07-24 17:01:56.284660,2026-07-24 17:01:57.155369,0 days 00:00:00.870709,0.7987860805735144,0.10317010876783342,3,286,3.0486380562697275,0.6298195953150336,COMPLETE
598,0.547995120944947,2026-07-24 17:01:57.156211,2026-07-24 17:01:58.943700,0 days 00:00:01.787489,0.8234856000968481,0.019368187660243,7,246,2.949635671282773,0.6457807816072264,COMPLETE
599,0.5531088966246157,2026-07-24 17:01:58.944794,2026-07-24 17:02:00.609205,0 days 00:00:01.664411,0.7736335750695016,0.01802747286471038,7,304,3.281395285199834,0.6364699732478419,COMPLETE
