number,value,datetime_start,datetime_complete,duration,params_colsample_bytree,params_learning_rate,params_max_depth,params_n_estimators,params_scale_pos_weight,params_subsample,state
0,0.49417745724659273,2026-07-24 16:39:46.988534,2026-07-24 16:39:48.744855,0 days 00:00:01.756321,0.6624074561769746,0.07259248719561363,10,287,2.467983561008608,0.8394633936788146,COMPLETE
1,0.5276235037662341,2026-07-24 16:39:48.745749,2026-07-24 16:39:50.085576,0 days 00:00:01.339827,0.608233797718321,0.05092911283433821,9,129,4.909729556485983,0.8832290311184181,COMPLETE
2,0.5473592217447654,2026-07-24 16:39:50.086532,2026-07-24 16:39:50.764018,0 days 00:00:00.677486,0.7216968971838151,0.016362239850894633,4,517,3.5742692948967134,0.6733618039413735,COMPLETE
3,0.5525641316634352,2026-07-24 16:39:50.764956,2026-07-24 16:39:51.553486,0 days 00:00:00.788530,0.7168578594140873,0.05243180891902853,5,316,3.099085529881075,0.6557975442608167,COMPLETE
4,0.4446965881892943,2026-07-24 16:39:51.554279,2026-07-24 16:39:53.803149,0 days 00:00:02.248870,0.836965827544817,0.017172542103877867,9,328,2.139351238159993,0.8056937753654446,COMPLETE
5,0.536196874393381,2026-07-24 16:39:53.804027,2026-07-24 16:39:55.124586,0 days 00:00:01.320559,0.9862528132298237,0.011926324174062874,4,404,4.425192044349384,0.9795542149013333,COMPLETE
6,0.5465244441247464,2026-07-24 16:39:55.125395,2026-07-24 16:39:55.685987,0 days 00:00:00.560592,0.6488152939379115,0.06378528225249058,3,252,3.4855307303338106,0.7760609974958406,COMPLETE
7,0.5476094890388279,2026-07-24 16:39:55.686641,2026-07-24 16:39:58.523595,0 days 00:00:02.836954,0.7246844304357644,0.020153425505297702,10,117,3.5602040635334324,0.8650089137415928,COMPLETE
8,0.5354623802625906,2026-07-24 16:39:58.524393,2026-07-24 16:39:58.975011,0 days 00:00:00.450618,0.9757995766256756,0.13814017620274424,4,373,4.684482051282947,0.9100531293444458,COMPLETE
9,0.5161273547464574,2026-07-24 16:39:58.975652,2026-07-24 16:40:01.545521,0 days 00:00:02.569869,0.6180909155642152,0.012707942999213693,10,399,2.975990992289793,0.6783931449676581,COMPLETE
10,0.5464968670868185,2026-07-24 16:40:01.546276,2026-07-24 16:40:02.574513,0 days 00:00:01.028237,0.8607466203112714,0.03203999390196693,7,577,4.199595033213562,0.6071847502459279,COMPLETE
11,0.5525894946470781,2026-07-24 16:40:02.575502,2026-07-24 16:40:03.454998,0 days 00:00:00.879496,0.7577990966793822,0.03212762430878716,6,107,3.364313933984169,0.7392679457934307,COMPLETE
12,0.5527291937892524,2026-07-24 16:40:03.455813,2026-07-24 16:40:04.350443,0 days 00:00:00.894630,0.7815343585324473,0.035077813915822986,6,212,3.012576129304697,0.7273145000499233,COMPLETE
13,0.5470180428793944,2026-07-24 16:40:04.351212,2026-07-24 16:40:05.302352,0 days 00:00:00.951140,0.8101383468058979,0.030240596812168494,6,204,2.8234549198474426,0.7382774980993067,COMPLETE
14,0.5494118275235543,2026-07-24 16:40:05.303192,2026-07-24 16:40:06.465120,0 days 00:00:01.161928,0.771021049221758,0.030061046366540004,7,213,3.9825671758768593,0.7371197153065265,COMPLETE
15,0.5234404565577165,2026-07-24 16:40:06.465832,2026-07-24 16:40:07.446348,0 days 00:00:00.980516,0.919197947631607,0.0392854369703887,7,167,2.586605812199586,0.7322318671941304,COMPLETE
16,0.5481775503021932,2026-07-24 16:40:07.447140,2026-07-24 16:40:08.028374,0 days 00:00:00.581234,0.7810641628320903,0.09579135219572962,6,106,3.285956528506657,0.7941252755357423,COMPLETE
17,0.47951075809105154,2026-07-24 16:40:08.029125,2026-07-24 16:40:09.303371,0 days 00:00:01.274246,0.886807619434659,0.02384235173010945,6,179,2.031620500041566,0.6973916191172266,COMPLETE
18,0.548711181985658,2026-07-24 16:40:09.304061,2026-07-24 16:40:10.679458,0 days 00:00:01.375397,0.7498826272841485,0.04208239148277853,8,248,3.8601850008883507,0.7601256168861884,COMPLETE
19,0.538356214663462,2026-07-24 16:40:10.680363,2026-07-24 16:40:11.537667,0 days 00:00:00.857304,0.8036366773816868,0.023132306297354834,5,147,2.637891088790923,0.6038621924983253,COMPLETE
20,0.5526061116173807,2026-07-24 16:40:11.538440,2026-07-24 16:40:12.180014,0 days 00:00:00.641574,0.6889385427604511,0.08174117326716414,5,467,3.291356248710832,0.7099411795981051,COMPLETE
21,0.5486981903033945,2026-07-24 16:40:12.180746,2026-07-24 16:40:12.706214,0 days 00:00:00.525468,0.6720219302259496,0.14663791815660254,5,477,3.2345974138608584,0.7113349365124932,COMPLETE
22,0.5470844786057728,2026-07-24 16:40:12.706848,2026-07-24 16:40:13.726680,0 days 00:00:01.019832,0.6979002135771539,0.080805646714522,6,465,3.810850569651056,0.6337664467409773,COMPLETE
23,0.5532818494282711,2026-07-24 16:40:13.727521,2026-07-24 16:40:14.439294,0 days 00:00:00.711773,0.7517842248725415,0.10621551699215008,5,578,2.8907402916789247,0.7052526031055159,COMPLETE
24,0.5472922688129908,2026-07-24 16:40:14.440184,2026-07-24 16:40:15.159785,0 days 00:00:00.719601,0.689534443848645,0.09325875869588168,3,597,2.8530805605566707,0.646205404747791,COMPLETE
25,0.5354274533267507,2026-07-24 16:40:15.160580,2026-07-24 16:40:15.751484,0 days 00:00:00.590904,0.8069410260856267,0.11813936248480118,5,539,2.441069898669131,0.7035635052517107,COMPLETE
26,0.5483144267148977,2026-07-24 16:40:15.752219,2026-07-24 16:40:16.265153,0 days 00:00:00.512934,0.7431112214919919,0.11070134230815394,4,461,3.100267930291072,0.8347147659430906,COMPLETE
27,0.5095619928550293,2026-07-24 16:40:16.265940,2026-07-24 16:40:16.984031,0 days 00:00:00.718091,0.6422684164238963,0.05714469232026557,5,549,2.2768401485483913,0.769885786924197,COMPLETE
28,0.5391522628947828,2026-07-24 16:40:16.984894,2026-07-24 16:40:17.823815,0 days 00:00:00.838921,0.8406148187599096,0.06810131496352027,7,497,2.754505631111952,0.6786405143485796,COMPLETE
29,0.513997759719108,2026-07-24 16:40:17.824556,2026-07-24 16:40:18.781214,0 days 00:00:00.956658,0.6758080159343097,0.0822141492600973,8,448,2.3850927761383462,0.8160043815050444,COMPLETE
30,0.5487769499841911,2026-07-24 16:40:18.781997,2026-07-24 16:40:19.511208,0 days 00:00:00.729211,0.7844707023078049,0.042487559637817994,3,561,3.055469386379955,0.7018821514208599,COMPLETE
31,0.5524847073672682,2026-07-24 16:40:19.511935,2026-07-24 16:40:20.679345,0 days 00:00:01.167410,0.7586817877548558,0.03453291297542424,6,276,3.377846290719443,0.7486227209707547,COMPLETE
32,0.545133367364281,2026-07-24 16:40:20.680228,2026-07-24 16:40:21.260853,0 days 00:00:00.580625,0.7061731685102342,0.12065280280523814,5,370,3.724637782187299,0.7113753200308071,COMPLETE
33,0.553906769480957,2026-07-24 16:40:21.261572,2026-07-24 16:40:22.151533,0 days 00:00:00.889961,0.7453356419008091,0.046494879979231726,6,421,3.283928339961563,0.7291665208174549,COMPLETE
34,0.5515829934852056,2026-07-24 16:40:22.152477,2026-07-24 16:40:23.022141,0 days 00:00:00.869664,0.7432966099470445,0.05364445010357586,4,518,2.9177598954552604,0.6664540441925895,COMPLETE
35,0.5522359411496595,2026-07-24 16:40:23.022993,2026-07-24 16:40:23.907392,0 days 00:00:00.884399,0.7251235318491533,0.04688968629930033,5,347,3.218499486887828,0.6351519761861185,COMPLETE
36,0.5221504725211553,2026-07-24 16:40:23.909004,2026-07-24 16:40:25.084589,0 days 00:00:01.175585,0.601940283727384,0.0776240867634691,8,404,2.6275749253061083,0.7912287282779729,COMPLETE
37,0.5489214011571065,2026-07-24 16:40:25.085319,2026-07-24 16:40:25.730329,0 days 00:00:00.645010,0.649391534794159,0.06207724416752408,4,429,3.461765446723694,0.6803031428971081,COMPLETE
38,0.5517200631540508,2026-07-24 16:40:25.731075,2026-07-24 16:40:26.787549,0 days 00:00:01.056474,0.7280233672664522,0.02612612242947916,6,305,3.6275329884366565,0.7169384063437213,COMPLETE
39,0.5480571863696492,2026-07-24 16:40:26.788318,2026-07-24 16:40:27.473921,0 days 00:00:00.685603,0.8259250986219566,0.10689495567632537,7,432,3.1507398912706104,0.7655467090282758,COMPLETE
40,0.5523130968215589,2026-07-24 16:40:27.474636,2026-07-24 16:40:28.504829,0 days 00:00:01.030193,0.7820703452875803,0.03742622508825731,5,503,2.956921265937368,0.869800618550114,COMPLETE
41,0.55203524262502,2026-07-24 16:40:28.505806,2026-07-24 16:40:29.495754,0 days 00:00:00.989948,0.7643093430982022,0.04972363983343494,6,137,3.3658704208495083,0.7264395535210809,COMPLETE
42,0.5533173644239465,2026-07-24 16:40:29.496723,2026-07-24 16:40:30.879719,0 days 00:00:01.382996,0.7099466974486406,0.019150138158799575,6,225,3.547987637665744,0.6896300855210834,COMPLETE
43,0.5486173071350748,2026-07-24 16:40:30.880584,2026-07-24 16:40:31.834470,0 days 00:00:00.953886,0.7066416350888587,0.016097908290167703,5,241,3.6220083969553505,0.6582297735653069,COMPLETE
44,0.544059200640255,2026-07-24 16:40:31.835493,2026-07-24 16:40:32.888217,0 days 00:00:01.052724,0.688050259402849,0.010377974131259994,6,281,3.9450075616786213,0.7496478452381864,COMPLETE
45,0.55225858562324,2026-07-24 16:40:32.888971,2026-07-24 16:40:34.608696,0 days 00:00:01.719725,0.7152875614711786,0.016878925689149768,7,347,3.5033879475111025,0.6846784980590328,COMPLETE
46,0.530467568811695,2026-07-24 16:40:34.609501,2026-07-24 16:40:35.699778,0 days 00:00:01.090277,0.7382091298209906,0.01950248051317005,4,222,4.975869396089745,0.9798314572874534,COMPLETE
47,0.4379845146451455,2026-07-24 16:40:35.700746,2026-07-24 16:40:36.362223,0 days 00:00:00.661477,0.6306954673632621,0.01468124826909384,5,182,2.763594414245228,0.9388891680437453,COMPLETE
48,0.5430834750284705,2026-07-24 16:40:36.362966,2026-07-24 16:40:37.067028,0 days 00:00:00.704062,0.6584648525248583,0.09770022091789884,6,532,4.223274009840745,0.6935426596310494,COMPLETE
49,0.5494987709775462,2026-07-24 16:40:37.067738,2026-07-24 16:40:37.925504,0 days 00:00:00.857766,0.6739008281399631,0.06762716601156679,7,571,3.005770014737667,0.7231666009564489,COMPLETE
50,0.5523793264889351,2026-07-24 16:40:37.926333,2026-07-24 16:40:38.913921,0 days 00:00:00.987588,0.7731554719584665,0.02832284631665115,6,309,3.267124592538709,0.7885682854165902,COMPLETE
51,0.552308019832722,2026-07-24 16:40:38.914659,2026-07-24 16:40:39.986896,0 days 00:00:01.072237,0.7887379534297325,0.021334849439107427,6,153,3.405945141853335,0.7436424856845806,COMPLETE
52,0.5521090003411199,2026-07-24 16:40:39.987624,2026-07-24 16:40:40.720461,0 days 00:00:00.732837,0.7295803717476846,0.03450701789512021,5,115,3.1451344338515628,0.7270069729186606,COMPLETE
53,0.5466982967365158,2026-07-24 16:40:40.721297,2026-07-24 16:40:41.253796,0 days 00:00:00.532499,0.7563234117718756,0.12842302314417992,6,200,3.6975538703454793,0.7506902763258007,COMPLETE
54,0.5524028707154365,2026-07-24 16:40:41.254498,2026-07-24 16:40:42.530898,0 days 00:00:01.276400,0.7975124408845778,0.02621359184926969,7,267,3.3177388979868296,0.6907781799873894,COMPLETE
55,0.5515471896789862,2026-07-24 16:40:42.531628,2026-07-24 16:40:43.440262,0 days 00:00:00.908634,0.8221508334152919,0.043600321427883074,6,102,3.5164562009927818,0.7750034715431587,COMPLETE
56,0.5515505143971189,2026-07-24 16:40:43.441138,2026-07-24 16:40:44.026116,0 days 00:00:00.584978,0.7110252460454346,0.08633198923749653,5,374,2.8679538399179823,0.6684394061303387,COMPLETE
57,0.5538733707114467,2026-07-24 16:40:44.026830,2026-07-24 16:40:44.985826,0 days 00:00:00.958996,0.8583157127590567,0.03365663876831837,6,228,3.1925737375911334,0.8136101133534281,COMPLETE
58,0.5534337300367866,2026-07-24 16:40:44.986580,2026-07-24 16:40:46.066297,0 days 00:00:01.079717,0.9285215005678036,0.037808067734547895,7,232,3.037911495839753,0.8100257883076876,COMPLETE
59,0.5382201643851573,2026-07-24 16:40:46.067054,2026-07-24 16:40:47.897976,0 days 00:00:01.830922,0.9083642929665252,0.019066723747483437,8,231,4.793473602822011,0.8322083592399078,COMPLETE
60,0.5238047187901617,2026-07-24 16:40:47.898684,2026-07-24 16:40:48.840350,0 days 00:00:00.941666,0.9530917087977353,0.03768123368940239,7,197,2.5446456313102073,0.8139133543541142,COMPLETE
61,0.5457834264806246,2026-07-24 16:40:48.841096,2026-07-24 16:40:49.746172,0 days 00:00:00.905076,0.9472325068411874,0.058706066862492,7,296,3.040972589968301,0.8692364927485545,COMPLETE
62,0.5465308946531398,2026-07-24 16:40:49.746939,2026-07-24 16:40:50.691938,0 days 00:00:00.944999,0.8632231657557897,0.03298779867450544,6,256,2.754297343916849,0.9397079037771059,COMPLETE
63,0.5433060022414762,2026-07-24 16:40:50.692647,2026-07-24 16:40:52.542422,0 days 00:00:01.849775,0.8766289126979198,0.02868223406700374,9,600,3.2155844372362674,0.8074985680946277,COMPLETE
64,0.5522863769549001,2026-07-24 16:40:52.543151,2026-07-24 16:40:53.254211,0 days 00:00:00.711060,0.9991956626714544,0.04770942771296111,5,180,3.075742377040814,0.8541382654778882,COMPLETE
65,0.548465381097065,2026-07-24 16:40:53.255173,2026-07-24 16:40:54.301004,0 days 00:00:01.045831,0.9047499158015098,0.040194829440305446,7,235,2.9339544996674216,0.6192049811971281,COMPLETE
66,0.5277836886874807,2026-07-24 16:40:54.301712,2026-07-24 16:40:55.138599,0 days 00:00:00.836887,0.9343612151790632,0.02372645999584762,6,262,2.6991949143868985,0.6485588421896227,COMPLETE
67,0.5515906979821513,2026-07-24 16:40:55.139478,2026-07-24 16:40:55.820472,0 days 00:00:00.680994,0.690416367595451,0.07486353737809295,5,216,3.1772304553990454,0.8909039343554143,COMPLETE
68,0.5501694617111222,2026-07-24 16:40:55.821360,2026-07-24 16:40:56.939053,0 days 00:00:01.117693,0.8464834042693978,0.013582265174826762,4,388,3.446871657885213,0.7082731762678919,COMPLETE
69,0.5500319611708893,2026-07-24 16:40:56.939787,2026-07-24 16:40:58.285129,0 days 00:00:01.345342,0.8903927008117059,0.04520698836602403,8,158,3.2971036242383938,0.8274873112069016,COMPLETE
70,0.5507242085215308,2026-07-24 16:40:58.285859,2026-07-24 16:40:59.091970,0 days 00:00:00.806111,0.8182612837488615,0.0541053495296902,6,475,3.586635816119109,0.7579088852134976,COMPLETE
71,0.5502038829865318,2026-07-24 16:40:59.092788,2026-07-24 16:41:00.151831,0 days 00:00:01.059043,0.7408378386538578,0.03590634314273978,6,126,3.7880498029523757,0.7367279112357692,COMPLETE
72,0.5505017361218875,2026-07-24 16:41:00.152578,2026-07-24 16:41:01.362319,0 days 00:00:01.209741,0.7706883662273413,0.03150554955745207,7,328,3.3734917824598902,0.8484432168112981,COMPLETE
73,0.5529366311766727,2026-07-24 16:41:01.363068,2026-07-24 16:41:02.521036,0 days 00:00:01.157968,0.753559255349082,0.03996714517914235,6,169,3.1119819269859796,0.785233785322769,COMPLETE
74,0.5517212841062806,2026-07-24 16:41:02.522269,2026-07-24 16:41:03.459423,0 days 00:00:00.937154,0.967307014074761,0.04123861936412356,5,187,3.097771453429009,0.7975033027586371,COMPLETE
75,0.5173440789046554,2026-07-24 16:41:03.460383,2026-07-24 16:41:06.051925,0 days 00:00:02.591542,0.7010883327316322,0.02607499062801869,10,166,2.8445194896821193,0.7830170908184193,COMPLETE
76,0.5527577967850554,2026-07-24 16:41:06.052670,2026-07-24 16:41:06.800369,0 days 00:00:00.747699,0.7538699961778084,0.08924530398734005,6,213,2.9752423979264977,0.7175079678708426,COMPLETE
77,0.5469744428996154,2026-07-24 16:41:06.801077,2026-07-24 16:41:07.568643,0 days 00:00:00.767566,0.7945227240074042,0.13956400228200674,6,225,2.968936264406592,0.7732242249003649,COMPLETE
78,0.5488280256116432,2026-07-24 16:41:07.569334,2026-07-24 16:41:08.557969,0 days 00:00:00.988635,0.7534026936898465,0.038831890679732035,7,205,3.009940279729435,0.8180119710363176,COMPLETE
79,0.5092847457181974,2026-07-24 16:41:08.558767,2026-07-24 16:41:09.608677,0 days 00:00:01.049910,0.7338578458334333,0.021643755362902143,6,242,2.5364233398481955,0.7198383492131497,COMPLETE
80,0.5517280771712495,2026-07-24 16:41:09.609495,2026-07-24 16:41:10.658980,0 days 00:00:01.049485,0.7496156270896952,0.09981960833835911,6,139,2.878060594089167,0.800779567652884,COMPLETE
81,0.5513398819116627,2026-07-24 16:41:10.659843,2026-07-24 16:41:11.614861,0 days 00:00:00.955018,0.6856448235312284,0.06966724759023707,5,500,3.1643220367612988,0.7073309628595638,COMPLETE
82,0.5494974652449965,2026-07-24 16:41:11.615793,2026-07-24 16:41:12.512613,0 days 00:00:00.896820,0.7203974239540504,0.08814126772232245,6,211,3.293397567375104,0.686262768367785,COMPLETE
83,0.5508299076655022,2026-07-24 16:41:12.513595,2026-07-24 16:41:13.346829,0 days 00:00:00.833234,0.719206811707562,0.115338239944842,5,419,3.118740839491215,0.7600498188905956,COMPLETE
84,0.5492218690169272,2026-07-24 16:41:13.347801,2026-07-24 16:41:14.352751,0 days 00:00:01.004950,0.7441372784944036,0.06233892584554534,6,195,2.791924336304464,0.7029376847466954,COMPLETE
85,0.5451160640769643,2026-07-24 16:41:14.353648,2026-07-24 16:41:15.082993,0 days 00:00:00.729345,0.7642076861139675,0.10578195671282861,5,584,2.691348448816703,0.7353468022416806,COMPLETE
86,0.5525335387405864,2026-07-24 16:41:15.083899,2026-07-24 16:41:16.057423,0 days 00:00:00.973524,0.7731823044255797,0.0503496129522551,4,166,3.210541685029929,0.6741154045896182,COMPLETE
87,0.550105489255464,2026-07-24 16:41:16.058281,2026-07-24 16:41:16.992982,0 days 00:00:00.934701,0.668239570632714,0.09056541097166072,7,519,3.0058193380904825,0.6996076359135128,COMPLETE
88,0.5498551974939293,2026-07-24 16:41:16.993824,2026-07-24 16:41:18.011001,0 days 00:00:01.017177,0.8531292015017744,0.08309206261770881,6,272,3.522872308971343,0.7147463603968901,COMPLETE
89,0.5434419897395394,2026-07-24 16:41:18.011929,2026-07-24 16:41:19.727533,0 days 00:00:01.715604,0.6965760152531878,0.0301788802661585,8,250,2.925201213745294,0.7835735483417272,COMPLETE
90,0.5463739810262455,2026-07-24 16:41:19.728239,2026-07-24 16:41:20.492674,0 days 00:00:00.764435,0.7340636003843006,0.12326322733376749,7,556,3.4310321094901415,0.7265215275120329,COMPLETE
91,0.5525539583976419,2026-07-24 16:41:20.493549,2026-07-24 16:41:21.687273,0 days 00:00:01.193724,0.7635509456655855,0.03139125812008257,6,222,3.336213882089447,0.7419453279197851,COMPLETE
92,0.5531373445568227,2026-07-24 16:41:21.688396,2026-07-24 16:41:22.733120,0 days 00:00:01.044724,0.8118546732534974,0.034887130612268114,6,172,3.240334697051454,0.6956541521755744,COMPLETE
93,0.5530897895532496,2026-07-24 16:41:22.733950,2026-07-24 16:41:23.879434,0 days 00:00:01.145484,0.8305259305799856,0.034595954030593644,6,171,3.248473477190529,0.6900756830641277,COMPLETE
94,0.5535555648941507,2026-07-24 16:41:23.880175,2026-07-24 16:41:24.938427,0 days 00:00:01.058252,0.8317939380450485,0.03633694394400898,6,173,3.1100755761059546,0.6610096514431627,COMPLETE
95,0.5523327276384338,2026-07-24 16:41:24.939242,2026-07-24 16:41:26.044515,0 days 00:00:01.105273,0.8354794549210318,0.036175608333891676,6,171,3.236481939674354,0.6592216106490466,COMPLETE
96,0.5499887861683045,2026-07-24 16:41:26.045264,2026-07-24 16:41:27.120388,0 days 00:00:01.075124,0.8144443086316012,0.03321123193616215,6,123,3.0873248428315754,0.6360700496454895,COMPLETE
97,0.5525153371505854,2026-07-24 16:41:27.121161,2026-07-24 16:41:28.115088,0 days 00:00:00.993927,0.830271930420235,0.04384664490593056,6,140,3.1547749951238298,0.6682159657516767,COMPLETE
98,0.5503010552077005,2026-07-24 16:41:28.116047,2026-07-24 16:41:29.526092,0 days 00:00:01.410045,0.8037126959313372,0.027910553242577615,7,192,3.054968162383532,0.6905814147446189,COMPLETE
99,0.5533761595354054,2026-07-24 16:41:29.526870,2026-07-24 16:41:30.578331,0 days 00:00:01.051461,0.8636704342254463,0.047411281578414524,6,155,3.2693483616559393,0.6489394221589042,COMPLETE
100,0.5519013921659126,2026-07-24 16:41:30.579524,2026-07-24 16:41:31.599181,0 days 00:00:01.019657,0.8657557092888024,0.04706522505431004,6,176,3.26626260971055,0.6218062202824342,COMPLETE
101,0.5501734162300455,2026-07-24 16:41:31.599960,2026-07-24 16:41:32.486285,0 days 00:00:00.886325,0.8487336930916358,0.039569716513967505,6,146,3.687678664747746,0.6454758226127615,COMPLETE
102,0.551797383726898,2026-07-24 16:41:32.487124,2026-07-24 16:41:33.479967,0 days 00:00:00.992843,0.8855136324045338,0.03398211881732809,6,155,3.387113330729342,0.6803968712915351,COMPLETE
103,0.553033932042105,2026-07-24 16:41:33.480695,2026-07-24 16:41:34.506441,0 days 00:00:01.025746,0.8560154313238517,0.04177306344111071,6,205,3.2000856218116414,0.6637978076341353,COMPLETE
104,0.5515874228256044,2026-07-24 16:41:34.507314,2026-07-24 16:41:35.486873,0 days 00:00:00.979559,0.8795228861529633,0.03703068041109643,6,188,3.2117876137193493,0.6529482473951524,COMPLETE
105,0.5481133290122192,2026-07-24 16:41:35.487598,2026-07-24 16:41:36.494766,0 days 00:00:01.007168,0.8687107364879283,0.056293179817924026,7,162,3.4624197976121556,0.6407893094080563,COMPLETE
106,0.5517021292529969,2026-07-24 16:41:36.495529,2026-07-24 16:41:37.270169,0 days 00:00:00.774640,0.8425207180046086,0.04193963343598138,5,116,3.3344372105774513,0.6623405519028376,COMPLETE
107,0.5524216779045809,2026-07-24 16:41:37.270947,2026-07-24 16:41:38.819730,0 days 00:00:01.548783,0.8304817821254817,0.011561454287583855,6,205,3.5588154612401643,0.6788085305912293,COMPLETE
108,0.5508561204486693,2026-07-24 16:41:38.820692,2026-07-24 16:41:39.791259,0 days 00:00:00.970567,0.9003177513984356,0.04907028951426009,7,178,3.125428777801055,0.6180537861007277,COMPLETE
109,0.5524557931609944,2026-07-24 16:41:39.792071,2026-07-24 16:41:40.837252,0 days 00:00:01.045181,0.8523728224535999,0.044275189339308726,6,149,3.2474506287784997,0.6926557865666806,COMPLETE
110,0.5493396956415882,2026-07-24 16:41:40.838067,2026-07-24 16:41:41.696002,0 days 00:00:00.857935,0.9129948346371738,0.038596909897547105,5,229,2.9155162172742295,0.6734689363688318,COMPLETE
111,0.5539369012930181,2026-07-24 16:41:41.696788,2026-07-24 16:41:42.683995,0 days 00:00:00.987207,0.8125231849481124,0.04080736048492558,6,211,3.042000738442707,0.6972157315530118,COMPLETE
112,0.55163900603567,2026-07-24 16:41:42.684799,2026-07-24 16:41:43.525386,0 days 00:00:00.840587,0.8590560290308228,0.05265016227792107,6,237,3.0515149472539704,0.6290496286362234,COMPLETE
