number,value,datetime_start,datetime_complete,duration,params_colsample_bytree,params_learning_rate,params_max_depth,params_n_estimators,params_scale_pos_weight,params_subsample,state
339,0.5520963651863703,2026-07-24 16:54:31.817729,2026-07-24 16:54:33.517591,0 days 00:00:01.699862,0.7874091554342345,0.016126576958888444,7,220,3.1059408560721065,0.6209959633321499,COMPLETE
340,0.5534999455993814,2026-07-24 16:54:33.518527,2026-07-24 16:54:35.112320,0 days 00:00:01.593793,0.8362932554015542,0.017741537938361446,7,232,3.1927438989917825,0.6294460149715125,COMPLETE
341,0.5548512152746806,2026-07-24 16:54:35.113243,2026-07-24 16:54:36.742921,0 days 00:00:01.629678,0.7996089764399029,0.015451366605319834,7,251,3.2666220803139474,0.641365445587889,COMPLETE
342,0.5527621584678465,2026-07-24 16:54:36.743771,2026-07-24 16:54:38.330245,0 days 00:00:01.586474,0.8010247911872129,0.01309667241658691,7,258,3.3920704174618885,0.6399333019575193,COMPLETE
343,0.5531011602334569,2026-07-24 16:54:38.331186,2026-07-24 16:54:40.068370,0 days 00:00:01.737184,0.7911150613155051,0.014981098182622077,7,250,3.318745967736655,0.6450148064199587,COMPLETE
344,0.5531127318346462,2026-07-24 16:54:40.069235,2026-07-24 16:54:41.793015,0 days 00:00:01.723780,0.8078179997105682,0.015420042103049609,7,212,3.263868358217414,0.6329817138837861,COMPLETE
345,0.5521690914962463,2026-07-24 16:54:41.793803,2026-07-24 16:54:43.018531,0 days 00:00:01.224728,0.6120501223963419,0.014273975927683936,7,267,3.382887814435355,0.6401308060419961,COMPLETE
346,0.5409733128378823,2026-07-24 16:54:43.019784,2026-07-24 16:54:44.496817,0 days 00:00:01.477033,0.7787955836081265,0.016346002853490634,7,251,2.9539289556311625,0.6498545243333863,COMPLETE
347,0.5533067469871539,2026-07-24 16:54:44.497540,2026-07-24 16:54:46.156746,0 days 00:00:01.659206,0.7976983383061057,0.015576966381107775,7,229,3.246580066859177,0.625317026026569,COMPLETE
348,0.5515545826796521,2026-07-24 16:54:46.157537,2026-07-24 16:54:47.914191,0 days 00:00:01.756654,0.7302784253696545,0.01885506316123053,7,266,3.4691443466546756,0.656889686477701,COMPLETE
349,0.5540093455539318,2026-07-24 16:54:47.915155,2026-07-24 16:54:49.828565,0 days 00:00:01.913410,0.7628398968435768,0.016671470715218142,7,221,3.3100811694989183,0.6457716326069646,COMPLETE
350,0.5508993468749697,2026-07-24 16:54:49.829857,2026-07-24 16:54:51.480471,0 days 00:00:01.650614,0.7912558850624618,0.014796584059080495,7,203,3.2130430507342567,0.6366785836899214,COMPLETE
351,0.5524073938159767,2026-07-24 16:54:51.481421,2026-07-24 16:54:53.618068,0 days 00:00:02.136647,0.7848493529789924,0.013718434692637995,7,245,3.1299352080637566,0.6522989582154808,COMPLETE
352,0.5524316007183656,2026-07-24 16:54:53.619061,2026-07-24 16:54:55.339936,0 days 00:00:01.720875,0.7714341108559054,0.016939676083890225,7,234,3.338206625834967,0.6292066725998007,COMPLETE
353,0.547554315121293,2026-07-24 16:54:55.340696,2026-07-24 16:54:56.869919,0 days 00:00:01.529223,0.8021485295509773,0.015856643497632182,7,262,3.8168247049733437,0.6397886242256371,COMPLETE
354,0.5542023983011468,2026-07-24 16:54:56.870813,2026-07-24 16:54:58.543320,0 days 00:00:01.672507,0.9840983652355964,0.0184736546894037,7,255,3.267872563242138,0.6599003058651144,COMPLETE
355,0.5429081648520134,2026-07-24 16:54:58.544273,2026-07-24 16:54:59.774461,0 days 00:00:01.230188,0.811940968802245,0.01978223893329696,7,242,3.2074507231384026,0.615096346404481,COMPLETE
356,0.5459383502289009,2026-07-24 16:54:59.775209,2026-07-24 16:55:01.486682,0 days 00:00:01.711473,0.7935095095855332,0.012085335981311512,7,224,3.06363656780687,0.6482531744979148,COMPLETE
357,0.5502661514624508,2026-07-24 16:55:01.487494,2026-07-24 16:55:03.450640,0 days 00:00:01.963146,0.7824682899861238,0.017749028394727293,7,269,3.426716804492055,0.9602088479973921,COMPLETE
358,0.5537512157878625,2026-07-24 16:55:03.451428,2026-07-24 16:55:05.675664,0 days 00:00:02.224236,0.7437072455064154,0.016450475742755915,8,218,3.14877627158269,0.632841104294035,COMPLETE
359,0.5537082946343616,2026-07-24 16:55:05.676592,2026-07-24 16:55:07.261595,0 days 00:00:01.585003,0.8026533998789842,0.02105044763979015,7,250,3.2536884472405023,0.6569383490141009,COMPLETE
360,0.539009263689686,2026-07-24 16:55:07.262566,2026-07-24 16:55:09.119661,0 days 00:00:01.857095,0.8128402944897885,0.010158301107272838,7,210,3.004205133112898,0.6421944138390348,COMPLETE
361,0.553682816132702,2026-07-24 16:55:09.120861,2026-07-24 16:55:11.317507,0 days 00:00:02.196646,0.7902909296940951,0.015466841522577044,7,235,3.3406440054792537,0.649269154929571,COMPLETE
362,0.5481038181439531,2026-07-24 16:55:11.318635,2026-07-24 16:55:13.505483,0 days 00:00:02.186848,0.7747092767776695,0.01694693386939631,8,226,3.1900241750881837,0.6743089877350027,COMPLETE
363,0.5538751080719575,2026-07-24 16:55:13.506266,2026-07-24 16:55:15.554273,0 days 00:00:02.048007,0.7992951962992201,0.018434452322356368,7,242,3.084778968755037,0.6617745217831021,COMPLETE
364,0.5501007531283862,2026-07-24 16:55:15.555284,2026-07-24 16:55:18.457403,0 days 00:00:02.902119,0.7601926741576569,0.014159920952279678,9,274,3.2876575982652994,0.6388002672120194,COMPLETE
365,0.5494794727630579,2026-07-24 16:55:18.458130,2026-07-24 16:55:20.309492,0 days 00:00:01.851362,0.7860519960213292,0.013031958192604233,7,260,3.21460540155679,0.6261289851271422,COMPLETE
366,0.5355223482767582,2026-07-24 16:55:20.310395,2026-07-24 16:55:21.705947,0 days 00:00:01.395552,0.8058969671245804,0.017301497671640197,7,237,4.893292315671464,0.6527653766753133,COMPLETE
367,0.5387093969075367,2026-07-24 16:55:21.706684,2026-07-24 16:55:23.204816,0 days 00:00:01.498132,0.8186694610226529,0.014876454377195026,7,248,2.891491103848331,0.6459927475169702,COMPLETE
368,0.5505993319874474,2026-07-24 16:55:23.205544,2026-07-24 16:55:24.654628,0 days 00:00:01.449084,0.7959497566204728,0.01623070908644434,7,330,3.1455218146224095,0.6337136078357563,COMPLETE
369,0.5526309270260655,2026-07-24 16:55:24.655413,2026-07-24 16:55:26.025015,0 days 00:00:01.369602,0.7751157945457378,0.018036174420495606,7,213,3.316050113692086,0.6644708003146308,COMPLETE
370,0.5536009545148635,2026-07-24 16:55:26.025934,2026-07-24 16:55:27.469780,0 days 00:00:01.443846,0.8090785247098662,0.019257329004713462,7,228,3.248954696952282,0.6535965566747788,COMPLETE
371,0.5519015652627122,2026-07-24 16:55:27.470500,2026-07-24 16:55:29.356307,0 days 00:00:01.885807,0.7866162898496624,0.015984570405631882,7,253,3.102067476732749,0.6432406295969638,COMPLETE
372,0.5540401051389368,2026-07-24 16:55:29.357067,2026-07-24 16:55:31.116286,0 days 00:00:01.759219,0.7676093311949027,0.017182398083743437,7,203,3.0279504342092896,0.6552799480832587,COMPLETE
373,0.5507619456459152,2026-07-24 16:55:31.117036,2026-07-24 16:55:32.696927,0 days 00:00:01.579891,0.7969512209665235,0.015336546306974575,7,366,3.3958804407181784,0.6188005803020693,COMPLETE
374,0.5549267614010488,2026-07-24 16:55:32.697807,2026-07-24 16:55:34.297010,0 days 00:00:01.599203,0.8178264098951775,0.017939303301203236,7,187,3.1999725973597,0.6359868235781421,COMPLETE
375,0.5526987496457575,2026-07-24 16:55:34.298024,2026-07-24 16:55:35.817038,0 days 00:00:01.519014,0.8197929886675506,0.020403077151556186,7,193,3.1638729321682204,0.6260555162316094,COMPLETE
376,0.5538056961045491,2026-07-24 16:55:35.818187,2026-07-24 16:55:37.382506,0 days 00:00:01.564319,0.8285035156981635,0.01884237685084652,7,190,3.191553721070009,0.6343549555098212,COMPLETE
377,0.5462738668659513,2026-07-24 16:55:37.383212,2026-07-24 16:55:38.301176,0 days 00:00:00.917964,0.8145444252783756,0.018039554211010927,3,271,3.1002772671916685,0.6424058015414371,COMPLETE
378,0.552775909154458,2026-07-24 16:55:38.302019,2026-07-24 16:55:39.679831,0 days 00:00:01.377812,0.8072782850660217,0.01760523619447454,7,186,3.293730335609986,0.6308807534307589,COMPLETE
379,0.553372894347682,2026-07-24 16:55:39.681108,2026-07-24 16:55:41.854122,0 days 00:00:02.173014,0.8236047468953215,0.01961982734439748,8,262,3.5955279437706316,0.6390079116074877,COMPLETE
380,0.5545100392360974,2026-07-24 16:55:41.855132,2026-07-24 16:55:43.931862,0 days 00:00:02.076730,0.8134935312605531,0.016976837123144545,7,214,3.1431928143367416,0.6616507313294556,COMPLETE
381,0.5533221927483004,2026-07-24 16:55:43.932714,2026-07-24 16:55:45.744929,0 days 00:00:01.812215,0.8190880999211356,0.0189545574722509,7,201,3.1423735098574994,0.6796054252274791,COMPLETE
382,0.5540072940059677,2026-07-24 16:55:45.745719,2026-07-24 16:55:47.280929,0 days 00:00:01.535210,0.8334009410448806,0.017343424747783973,7,221,3.21683931896111,0.6701164756245543,COMPLETE
383,0.5538336770081894,2026-07-24 16:55:47.281694,2026-07-24 16:55:48.702260,0 days 00:00:01.420566,0.8093408619115767,0.018236146162518847,7,208,3.0395286852507337,0.6630956020093833,COMPLETE
384,0.5525576547047225,2026-07-24 16:55:48.703044,2026-07-24 16:55:50.066807,0 days 00:00:01.363763,0.8149226421461595,0.016925698303948456,7,216,3.3620169577903343,0.6732665036333102,COMPLETE
385,0.5511012237890888,2026-07-24 16:55:50.067529,2026-07-24 16:55:51.438461,0 days 00:00:01.370932,0.8024030798422839,0.013984607197454813,7,177,3.1842332006717755,0.6586066298053568,COMPLETE
386,0.5539682857667239,2026-07-24 16:55:51.439204,2026-07-24 16:55:52.964766,0 days 00:00:01.525562,0.8222522258223978,0.016165349444121676,7,232,3.261742951512576,0.6495440181024947,COMPLETE
387,0.5540843307340482,2026-07-24 16:55:52.965508,2026-07-24 16:55:54.443012,0 days 00:00:01.477504,0.8099125690764861,0.01827095643860374,7,226,3.1327269906102337,0.6638514795250002,COMPLETE
388,0.5536957267959184,2026-07-24 16:55:54.443835,2026-07-24 16:55:55.797167,0 days 00:00:01.353332,0.8011309166788093,0.02040599238854011,7,210,3.3227885971963396,0.656563305474085,COMPLETE
389,0.5531237366235962,2026-07-24 16:55:55.798002,2026-07-24 16:55:57.623937,0 days 00:00:01.825935,0.8166883257082731,0.015067001451889163,7,238,3.0734598303079625,0.6452351087971908,COMPLETE
390,0.5531911926398893,2026-07-24 16:55:57.625049,2026-07-24 16:55:59.578629,0 days 00:00:01.953580,0.8083381185485811,0.012746196100267419,7,218,3.221065346587916,0.6509920539968016,COMPLETE
391,0.5499202271348795,2026-07-24 16:55:59.579371,2026-07-24 16:56:01.199540,0 days 00:00:01.620169,0.7924441139809957,0.016987416283235607,7,194,2.9700639420218433,0.6828423796096851,COMPLETE
392,0.5540824657462454,2026-07-24 16:56:01.200247,2026-07-24 16:56:02.802179,0 days 00:00:01.601932,0.8269834083382159,0.01785039817820781,7,226,3.270535524330319,0.6702919945613258,COMPLETE
393,0.5545988367307525,2026-07-24 16:56:02.802995,2026-07-24 16:56:04.444836,0 days 00:00:01.641841,0.799532981818156,0.015780152692733966,7,341,3.1590515637303715,0.6364187717640118,COMPLETE
394,0.5463231061319737,2026-07-24 16:56:04.445716,2026-07-24 16:56:05.951654,0 days 00:00:01.505938,0.803699163314037,0.014486647028115337,7,336,3.1073109361354585,0.6283008543669734,COMPLETE
395,0.5478527047455946,2026-07-24 16:56:05.952592,2026-07-24 16:56:07.438383,0 days 00:00:01.485791,0.8118882397417639,0.01567838439214016,7,349,3.0314604747670133,0.6016674372054589,COMPLETE
396,0.5501272951304323,2026-07-24 16:56:07.439255,2026-07-24 16:56:08.943502,0 days 00:00:01.504247,0.7994069891246368,0.016071053479891434,7,202,3.1629375509918147,0.6366575324528184,COMPLETE
397,0.5527973062628593,2026-07-24 16:56:08.944217,2026-07-24 16:56:11.072155,0 days 00:00:02.127938,0.649383600015836,0.013965691471391891,7,328,3.1726577422749624,0.6137862007284649,COMPLETE
398,0.5519204050591383,2026-07-24 16:56:11.073482,2026-07-24 16:56:12.995008,0 days 00:00:01.921526,0.8182781346317919,0.013316827985745395,7,343,3.092278582621881,0.6590187392603606,COMPLETE
399,0.553887748329645,2026-07-24 16:56:12.995965,2026-07-24 16:56:14.951189,0 days 00:00:01.955224,0.8459124768288099,0.014806373526219602,7,321,3.2123712695315363,0.6502761088365959,COMPLETE
400,0.5512027804035619,2026-07-24 16:56:14.951984,2026-07-24 16:56:16.847151,0 days 00:00:01.895167,0.7973064360747395,0.01933226779251346,7,352,3.3788290508124414,0.6236318207801568,COMPLETE
401,0.5548233568390578,2026-07-24 16:56:16.848181,2026-07-24 16:56:18.823100,0 days 00:00:01.974919,0.8320465711761177,0.016429808186941085,7,232,3.1337141783484506,0.6385072071426191,COMPLETE
402,0.5484877806108955,2026-07-24 16:56:18.824386,2026-07-24 16:56:20.940179,0 days 00:00:02.115793,0.8405319556405366,0.015671093558763838,7,240,3.0437112405819913,0.6443868280234919,COMPLETE
403,0.5535817552220168,2026-07-24 16:56:20.941009,2026-07-24 16:56:23.018975,0 days 00:00:02.077966,0.8290544750606401,0.016516547664771525,7,218,3.125448528641965,0.6674683041199942,COMPLETE
404,0.5468988517182395,2026-07-24 16:56:23.019921,2026-07-24 16:56:25.024958,0 days 00:00:02.005037,0.8386363168464245,0.014875630472377417,7,312,2.997922910709451,0.6565071461813218,COMPLETE
405,0.5504718361331548,2026-07-24 16:56:25.026224,2026-07-24 16:56:26.873190,0 days 00:00:01.846966,0.824863057993105,0.016579660679063298,7,368,3.088102092098728,0.6323944341732581,COMPLETE
406,0.5525560483560542,2026-07-24 16:56:26.873968,2026-07-24 16:56:28.707747,0 days 00:00:01.833779,0.849922349781399,0.015422062360726572,7,208,3.1517608502389756,0.6450824588160858,COMPLETE
407,0.5339286090867006,2026-07-24 16:56:28.708702,2026-07-24 16:56:30.340829,0 days 00:00:01.632127,0.6363971965648068,0.011826526979117628,7,362,2.9483464766778322,0.6195423534961534,COMPLETE
408,0.5432903585758994,2026-07-24 16:56:30.341540,2026-07-24 16:56:31.031639,0 days 00:00:00.690099,0.8311492456159962,0.14842995290137695,7,226,3.18383841014735,0.6620545156127411,COMPLETE
409,0.554571888715797,2026-07-24 16:56:31.032321,2026-07-24 16:56:32.648122,0 days 00:00:01.615801,0.8189066998462333,0.01705728829768809,7,234,3.0799423260841965,0.6374948134796055,COMPLETE
410,0.5506651464526249,2026-07-24 16:56:32.648976,2026-07-24 16:56:34.350984,0 days 00:00:01.702008,0.8336170570784179,0.01747431647309394,7,239,3.0484703850378354,0.63598254147443,COMPLETE
411,0.5529641709482392,2026-07-24 16:56:34.351961,2026-07-24 16:56:36.170390,0 days 00:00:01.818429,0.8193771439793129,0.018583625241319048,7,233,3.2164580207216664,0.6239925752186382,COMPLETE
412,0.5537747116223396,2026-07-24 16:56:36.171354,2026-07-24 16:56:37.695109,0 days 00:00:01.523755,0.8154976333866057,0.017031675753471007,7,384,3.3161621128428598,0.6397953995397934,COMPLETE
413,0.5531394721994883,2026-07-24 16:56:37.695838,2026-07-24 16:56:39.168025,0 days 00:00:01.472187,0.8253951802113656,0.021995519765412915,7,245,3.114521407156799,0.6291105975238965,COMPLETE
414,0.5539938316586861,2026-07-24 16:56:39.168748,2026-07-24 16:56:41.150620,0 days 00:00:01.981872,0.8118902231191966,0.015971487294013886,7,217,3.241494723705967,0.647498595256344,COMPLETE
415,0.5485410752043799,2026-07-24 16:56:41.151430,2026-07-24 16:56:42.942365,0 days 00:00:01.790935,0.7366076821898543,0.013387863805853417,7,228,3.0133133162424945,0.6389008952999298,COMPLETE
416,0.5493586562327966,2026-07-24 16:56:42.943587,2026-07-24 16:56:44.815092,0 days 00:00:01.871505,0.8334547258951802,0.019377776960914906,7,253,3.1533401895863133,0.8779788758304793,COMPLETE
417,0.5412475480795126,2026-07-24 16:56:44.816032,2026-07-24 16:56:46.370277,0 days 00:00:01.554245,0.8222065905617028,0.01790421952841735,7,241,3.089081239083165,0.6309120735126027,COMPLETE
418,0.5520746111926385,2026-07-24 16:56:46.371202,2026-07-24 16:56:48.285769,0 days 00:00:01.914567,0.8078056613486052,0.014446549021935252,7,219,3.3057022327115595,0.6537652872355983,COMPLETE
419,0.5539422533394228,2026-07-24 16:56:48.286563,2026-07-24 16:56:50.066091,0 days 00:00:01.779528,0.8133525173431078,0.01557877970096156,7,185,3.1998515495326583,0.643284924086864,COMPLETE
420,0.55405712640652,2026-07-24 16:56:50.066966,2026-07-24 16:56:52.016099,0 days 00:00:01.949133,0.8033273138841228,0.016702031278821253,7,229,3.3967070248737854,0.6499748411294388,COMPLETE
421,0.5522888265977474,2026-07-24 16:56:52.017090,2026-07-24 16:56:54.152362,0 days 00:00:02.135272,0.822326353511044,0.018617094664306954,7,200,3.265373132837815,0.6191945135606796,COMPLETE
422,0.5540674255266455,2026-07-24 16:56:54.153923,2026-07-24 16:56:56.084071,0 days 00:00:01.930148,0.8078529363929219,0.017215126246456592,7,212,3.1480421521989213,0.6361199820023113,COMPLETE
423,0.5486195007754602,2026-07-24 16:56:56.084899,2026-07-24 16:56:57.394995,0 days 00:00:01.310096,0.816854570011183,0.016142433020049293,7,257,3.47536400220675,0.9135600478049101,COMPLETE
424,0.5535703821380867,2026-07-24 16:56:57.395775,2026-07-24 16:56:59.050538,0 days 00:00:01.654763,0.8393580579967918,0.017701202740454624,7,540,3.0602987992749093,0.6763768766558464,COMPLETE
425,0.49785431232574445,2026-07-24 16:56:59.051366,2026-07-24 16:57:00.959946,0 days 00:00:01.908580,0.8052572517422782,0.015287133833634624,7,245,2.43712212627402,0.6615412226927316,COMPLETE
426,0.41654233959067993,2026-07-24 16:57:00.960901,2026-07-24 16:57:02.218450,0 days 00:00:01.257549,0.8290697192012944,0.01970428604051766,7,229,2.1946255331011626,0.6095013379576121,COMPLETE
427,0.5542338608882759,2026-07-24 16:57:02.219199,2026-07-24 16:57:03.871377,0 days 00:00:01.652178,0.7982241413772967,0.014066938174960604,7,164,3.3328846094402316,0.6468243788959525,COMPLETE
428,0.549706216967807,2026-07-24 16:57:03.872263,2026-07-24 16:57:06.532868,0 days 00:00:02.660605,0.752262480641924,0.01689822181302033,9,264,3.2228949270004397,0.6394705148070615,COMPLETE
429,0.5503804348539495,2026-07-24 16:57:06.533730,2026-07-24 16:57:07.804465,0 days 00:00:01.270735,0.8137327518016297,0.012773148655151272,4,236,3.168596361134726,0.6557005143229628,COMPLETE
430,0.5518740837089181,2026-07-24 16:57:07.805332,2026-07-24 16:57:09.438487,0 days 00:00:01.633155,0.8017494541477805,0.02088039096558864,7,222,3.2534870253377832,0.6291138773657796,COMPLETE
431,0.5482837712033247,2026-07-24 16:57:09.439896,2026-07-24 16:57:11.356447,0 days 00:00:01.916551,0.8241100303491701,0.01850062830679504,7,276,2.935767666506885,0.6647435220740008,COMPLETE
432,0.5527514478479344,2026-07-24 16:57:11.357158,2026-07-24 16:57:13.155148,0 days 00:00:01.797990,0.7916692152400917,0.016026158602355057,7,246,3.1033919512351047,0.6454280109817736,COMPLETE
433,0.5538012048042025,2026-07-24 16:57:13.155930,2026-07-24 16:57:15.044169,0 days 00:00:01.888239,0.8122462340465875,0.014843415941919734,7,210,3.3511021103778678,0.6541058149243102,COMPLETE
434,0.5544982259080911,2026-07-24 16:57:15.045279,2026-07-24 16:57:16.996188,0 days 00:00:01.950909,0.8042919692545919,0.0174727868612803,7,235,3.1961320150461185,0.6361703585590972,COMPLETE
435,0.5467148598907898,2026-07-24 16:57:16.996973,2026-07-24 16:57:18.778732,0 days 00:00:01.781759,0.8085677002705964,0.0179345649752216,7,254,2.9878960758498225,0.6232715226305046,COMPLETE
436,0.5537251391874632,2026-07-24 16:57:18.779668,2026-07-24 16:57:20.420253,0 days 00:00:01.640585,0.8175182696363179,0.018600466510405,7,235,3.176656532675185,0.6332238188053394,COMPLETE
437,0.5516665354297469,2026-07-24 16:57:20.421200,2026-07-24 16:57:22.205634,0 days 00:00:01.784434,0.8020946982075151,0.016519339057155184,7,269,3.097733134663515,0.6395270363479217,COMPLETE
438,0.5531307043229364,2026-07-24 16:57:22.206506,2026-07-24 16:57:24.262939,0 days 00:00:02.056433,0.807472336377193,0.017409908572071434,7,221,3.1999673215074,0.6721823132106498,COMPLETE
439,0.5468461906411254,2026-07-24 16:57:24.263785,2026-07-24 16:57:26.000660,0 days 00:00:01.736875,0.8209477552734655,0.019658373321204507,7,247,3.033869066527004,0.630081851450494,COMPLETE
440,0.5437086135451158,2026-07-24 16:57:26.001993,2026-07-24 16:57:27.688878,0 days 00:00:01.686885,0.7951452653039753,0.015557672980672775,7,198,3.136917805320486,0.6502634611055944,COMPLETE
441,0.5546658657240592,2026-07-24 16:57:27.691359,2026-07-24 16:57:29.764669,0 days 00:00:02.073310,0.8134925658568608,0.016512692006973136,7,230,3.2307194677670257,0.6599749965708556,COMPLETE
442,0.5533839426329631,2026-07-24 16:57:29.766034,2026-07-24 16:57:31.894739,0 days 00:00:02.128705,0.8268794147911904,0.013642963698838592,7,213,3.0796274443789287,0.6809036995484886,COMPLETE
443,0.5534013940694745,2026-07-24 16:57:31.895485,2026-07-24 16:57:33.903914,0 days 00:00:02.008429,0.8159188190922052,0.012354534592187924,7,225,3.2111227757710523,0.6679630434835115,COMPLETE
444,0.5543445385913234,2026-07-24 16:57:33.905206,2026-07-24 16:57:35.975453,0 days 00:00:02.070247,0.8352634390573954,0.01083518452972049,7,204,3.1557331816170446,0.6616679761703608,COMPLETE
445,0.5537582076490585,2026-07-24 16:57:35.976195,2026-07-24 16:57:38.008255,0 days 00:00:02.032060,0.8568026470422598,0.011105076597222485,7,186,3.1565965200699115,0.6841612914366996,COMPLETE
446,0.5538123432878802,2026-07-24 16:57:38.009063,2026-07-24 16:57:39.741087,0 days 00:00:01.732024,0.8468867096609219,0.010975290164835866,7,200,3.231836259391375,0.6651946215880273,COMPLETE
447,0.5534203912964508,2026-07-24 16:57:39.742275,2026-07-24 16:57:41.486372,0 days 00:00:01.744097,0.836488441948526,0.012227814533648006,7,192,3.08471842153764,0.6745088094607343,COMPLETE
448,0.48783371041914575,2026-07-24 16:57:41.487187,2026-07-24 16:57:42.430845,0 days 00:00:00.943658,0.9620821642097744,0.010791633649506367,7,205,2.9912867571795267,0.6603352916754802,COMPLETE
449,0.5539640128805657,2026-07-24 16:57:42.431578,2026-07-24 16:57:43.956556,0 days 00:00:01.524978,0.8424660382619593,0.011833568878107631,7,182,3.269921732374348,0.6590074051642966,COMPLETE
450,0.553845015525303,2026-07-24 16:57:43.957467,2026-07-24 16:57:45.270504,0 days 00:00:01.313037,0.8328658475226293,0.01493170435952831,6,210,3.1472166506022403,0.6707161402589198,COMPLETE
451,0.553999462475788,2026-07-24 16:57:45.271398,2026-07-24 16:57:47.003334,0 days 00:00:01.731936,0.8083377647426068,0.015824954840372826,7,201,3.2061611514340536,0.6568367511791899,COMPLETE
